2025-04-14 00:44:48 INFO  [background-preinit] o.h.validator.internal.util.Version - HV000001: Hibernate Validator 8.0.0.Final
2025-04-14 00:44:48 INFO  [main] c.example.recipes.RecipesApplication - Starting RecipesApplication using Java 17.0.14 with PID 13532 (C:\Users\User\IdeaProjects\recipes\target\classes started by User in C:\Users\User\IdeaProjects\recipes)
2025-04-14 00:44:48 INFO  [main] c.example.recipes.RecipesApplication - No active profile set, falling back to 1 default profile: "default"
2025-04-14 00:44:49 INFO  [main] o.s.d.r.c.RepositoryConfigurationDelegate - Bootstrapping Spring Data JPA repositories in DEFAULT mode.
2025-04-14 00:44:49 INFO  [main] o.s.d.r.c.RepositoryConfigurationDelegate - Finished Spring Data repository scanning in 77 ms. Found 3 JPA repository interfaces.
2025-04-14 00:44:50 INFO  [main] o.s.b.w.e.tomcat.TomcatWebServer - Tomcat initialized with port(s): 8080 (http)
2025-04-14 00:44:50 INFO  [main] o.a.coyote.http11.Http11NioProtocol - Initializing ProtocolHandler ["http-nio-8080"]
2025-04-14 00:44:50 INFO  [main] o.a.catalina.core.StandardService - Starting service [Tomcat]
2025-04-14 00:44:50 INFO  [main] o.a.catalina.core.StandardEngine - Starting Servlet engine: [Apache Tomcat/10.1.7]
2025-04-14 00:44:50 INFO  [main] o.a.c.c.C.[Tomcat].[localhost].[/] - Initializing Spring embedded WebApplicationContext
2025-04-14 00:44:50 INFO  [main] o.s.b.w.s.c.ServletWebServerApplicationContext - Root WebApplicationContext: initialization completed in 2302 ms
2025-04-14 00:44:51 INFO  [main] o.h.jpa.internal.util.LogHelper - HHH000204: Processing PersistenceUnitInfo [name: default]
2025-04-14 00:44:51 INFO  [main] org.hibernate.Version - HHH000412: Hibernate ORM core version 6.1.7.Final
2025-04-14 00:44:51 INFO  [main] com.zaxxer.hikari.HikariDataSource - HikariPool-1 - Starting...
2025-04-14 00:44:52 INFO  [main] com.zaxxer.hikari.pool.HikariPool - HikariPool-1 - Added connection org.postgresql.jdbc.PgConnection@261275ae
2025-04-14 00:44:52 INFO  [main] com.zaxxer.hikari.HikariDataSource - HikariPool-1 - Start completed.
2025-04-14 00:44:52 INFO  [main] SQL dialect - HHH000400: Using dialect: org.hibernate.dialect.PostgreSQLDialect
2025-04-14 00:44:53 INFO  [main] o.h.e.t.j.p.i.JtaPlatformInitiator - HHH000490: Using JtaPlatform implementation: [org.hibernate.engine.transaction.jta.platform.internal.NoJtaPlatform]
2025-04-14 00:44:53 INFO  [main] o.s.o.j.LocalContainerEntityManagerFactoryBean - Initialized JPA EntityManagerFactory for persistence unit 'default'
2025-04-14 00:44:56 INFO  [main] o.a.coyote.http11.Http11NioProtocol - Starting ProtocolHandler ["http-nio-8080"]
2025-04-14 00:44:56 INFO  [main] o.s.b.w.e.tomcat.TomcatWebServer - Tomcat started on port(s): 8080 (http) with context path ''
2025-04-14 00:44:56 INFO  [main] c.example.recipes.RecipesApplication - Started RecipesApplication in 9.038 seconds (process running for 10.058)
2025-04-14 00:46:55 INFO  [http-nio-8080-exec-1] o.a.c.c.C.[Tomcat].[localhost].[/] - Initializing Spring DispatcherServlet 'dispatcherServlet'
2025-04-14 00:46:55 INFO  [http-nio-8080-exec-1] o.s.web.servlet.DispatcherServlet - Initializing Servlet 'dispatcherServlet'
2025-04-14 00:46:55 INFO  [http-nio-8080-exec-1] o.s.web.servlet.DispatcherServlet - Completed initialization in 2 ms
2025-04-14 00:46:55 INFO  [http-nio-8080-exec-1] c.e.recipes.aspect.LoggingAspect - Method called: ReviewService.addReviewToRecipe(..)
2025-04-14 00:46:55 INFO  [http-nio-8080-exec-1] c.e.recipes.aspect.LoggingAspect - Method called: ReviewService.addReviewToRecipe(..)
2025-04-14 00:48:36 INFO  [http-nio-8080-exec-1] o.s.api.AbstractOpenApiResource - Init duration for springdoc-openapi is: 611 ms
2025-04-14 00:54:28 INFO  [SpringApplicationShutdownHook] o.s.o.j.LocalContainerEntityManagerFactoryBean - Closing JPA EntityManagerFactory for persistence unit 'default'
2025-04-14 00:54:28 INFO  [SpringApplicationShutdownHook] com.zaxxer.hikari.HikariDataSource - HikariPool-1 - Shutdown initiated...
2025-04-14 00:54:28 INFO  [SpringApplicationShutdownHook] com.zaxxer.hikari.HikariDataSource - HikariPool-1 - Shutdown completed.
2025-04-14 01:00:21 INFO  [background-preinit] o.h.validator.internal.util.Version - HV000001: Hibernate Validator 8.0.0.Final
2025-04-14 01:00:21 INFO  [main] c.example.recipes.RecipesApplication - Starting RecipesApplication using Java 17.0.14 with PID 4876 (C:\Users\User\IdeaProjects\recipes\target\classes started by User in C:\Users\User\IdeaProjects\recipes)
2025-04-14 01:00:21 INFO  [main] c.example.recipes.RecipesApplication - No active profile set, falling back to 1 default profile: "default"
2025-04-14 01:00:21 INFO  [main] o.s.d.r.c.RepositoryConfigurationDelegate - Bootstrapping Spring Data JPA repositories in DEFAULT mode.
2025-04-14 01:00:21 INFO  [main] o.s.d.r.c.RepositoryConfigurationDelegate - Finished Spring Data repository scanning in 42 ms. Found 3 JPA repository interfaces.
2025-04-14 01:00:22 INFO  [main] o.s.b.w.e.tomcat.TomcatWebServer - Tomcat initialized with port(s): 8080 (http)
2025-04-14 01:00:22 INFO  [main] o.a.coyote.http11.Http11NioProtocol - Initializing ProtocolHandler ["http-nio-8080"]
2025-04-14 01:00:22 INFO  [main] o.a.catalina.core.StandardService - Starting service [Tomcat]
2025-04-14 01:00:22 INFO  [main] o.a.catalina.core.StandardEngine - Starting Servlet engine: [Apache Tomcat/10.1.7]
2025-04-14 01:00:22 INFO  [main] o.a.c.c.C.[Tomcat].[localhost].[/] - Initializing Spring embedded WebApplicationContext
2025-04-14 01:00:22 INFO  [main] o.s.b.w.s.c.ServletWebServerApplicationContext - Root WebApplicationContext: initialization completed in 1334 ms
2025-04-14 01:00:22 INFO  [main] o.h.jpa.internal.util.LogHelper - HHH000204: Processing PersistenceUnitInfo [name: default]
2025-04-14 01:00:22 INFO  [main] org.hibernate.Version - HHH000412: Hibernate ORM core version 6.1.7.Final
2025-04-14 01:00:23 INFO  [main] com.zaxxer.hikari.HikariDataSource - HikariPool-1 - Starting...
2025-04-14 01:00:23 INFO  [main] com.zaxxer.hikari.pool.HikariPool - HikariPool-1 - Added connection org.postgresql.jdbc.PgConnection@148ab138
2025-04-14 01:00:23 INFO  [main] com.zaxxer.hikari.HikariDataSource - HikariPool-1 - Start completed.
2025-04-14 01:00:23 INFO  [main] SQL dialect - HHH000400: Using dialect: org.hibernate.dialect.PostgreSQLDialect
2025-04-14 01:00:24 INFO  [main] o.h.e.t.j.p.i.JtaPlatformInitiator - HHH000490: Using JtaPlatform implementation: [org.hibernate.engine.transaction.jta.platform.internal.NoJtaPlatform]
2025-04-14 01:00:24 INFO  [main] o.s.o.j.LocalContainerEntityManagerFactoryBean - Initialized JPA EntityManagerFactory for persistence unit 'default'
2025-04-14 01:00:26 INFO  [main] o.a.coyote.http11.Http11NioProtocol - Starting ProtocolHandler ["http-nio-8080"]
2025-04-14 01:00:26 INFO  [main] o.s.b.w.e.tomcat.TomcatWebServer - Tomcat started on port(s): 8080 (http) with context path ''
2025-04-14 01:00:26 INFO  [main] c.example.recipes.RecipesApplication - Started RecipesApplication in 6.105 seconds (process running for 6.783)
2025-04-14 01:00:29 INFO  [http-nio-8080-exec-5] o.a.c.c.C.[Tomcat].[localhost].[/] - Initializing Spring DispatcherServlet 'dispatcherServlet'
2025-04-14 01:00:29 INFO  [http-nio-8080-exec-5] o.s.web.servlet.DispatcherServlet - Initializing Servlet 'dispatcherServlet'
2025-04-14 01:00:29 INFO  [http-nio-8080-exec-5] o.s.web.servlet.DispatcherServlet - Completed initialization in 2 ms
2025-04-14 01:06:55 INFO  [http-nio-8080-exec-4] c.e.recipes.aspect.LoggingAspect - Method called: RecipeService.createRecipe(..)
2025-04-14 01:06:55 INFO  [http-nio-8080-exec-4] c.example.recipes.config.CacheConfig - Current cache keys: []
2025-04-14 01:06:55 INFO  [http-nio-8080-exec-4] c.e.recipes.service.RecipeService - Current cache keys before clearing: []
2025-04-14 01:06:55 WARN  [http-nio-8080-exec-4] c.example.recipes.config.CacheConfig - Cache entry with key all_recipes not found
2025-04-14 01:06:55 INFO  [http-nio-8080-exec-4] c.example.recipes.config.CacheConfig - Evicted 0 entries by pattern: recipes_*
2025-04-14 01:06:55 INFO  [http-nio-8080-exec-4] c.example.recipes.config.CacheConfig - Evicted 0 entries by pattern: recipe_*
2025-04-14 01:06:55 INFO  [http-nio-8080-exec-4] c.e.recipes.service.RecipeService - Cache cleared for patterns: recipes_* and recipe_*
2025-04-14 01:06:55 INFO  [http-nio-8080-exec-4] c.e.recipes.aspect.LoggingAspect - Method called: RecipeService.createRecipe(..)
2025-04-14 01:06:55 INFO  [http-nio-8080-exec-4] c.example.recipes.config.CacheConfig - Current cache keys: []
2025-04-14 01:06:55 INFO  [http-nio-8080-exec-4] c.e.recipes.service.RecipeService - Current cache keys before clearing: []
2025-04-14 01:06:55 WARN  [http-nio-8080-exec-4] c.example.recipes.config.CacheConfig - Cache entry with key all_recipes not found
2025-04-14 01:06:55 INFO  [http-nio-8080-exec-4] c.example.recipes.config.CacheConfig - Evicted 0 entries by pattern: recipes_*
2025-04-14 01:06:55 INFO  [http-nio-8080-exec-4] c.example.recipes.config.CacheConfig - Evicted 0 entries by pattern: recipe_*
2025-04-14 01:06:55 INFO  [http-nio-8080-exec-4] c.e.recipes.service.RecipeService - Cache cleared for patterns: recipes_* and recipe_*
2025-04-14 01:06:55 INFO  [http-nio-8080-exec-4] c.e.recipes.aspect.LoggingAspect - Method called: RecipeService.createRecipe(..)
2025-04-14 01:06:55 INFO  [http-nio-8080-exec-4] c.example.recipes.config.CacheConfig - Current cache keys: []
2025-04-14 01:06:55 INFO  [http-nio-8080-exec-4] c.e.recipes.service.RecipeService - Current cache keys before clearing: []
2025-04-14 01:06:55 WARN  [http-nio-8080-exec-4] c.example.recipes.config.CacheConfig - Cache entry with key all_recipes not found
2025-04-14 01:06:55 INFO  [http-nio-8080-exec-4] c.example.recipes.config.CacheConfig - Evicted 0 entries by pattern: recipes_*
2025-04-14 01:06:55 INFO  [http-nio-8080-exec-4] c.example.recipes.config.CacheConfig - Evicted 0 entries by pattern: recipe_*
2025-04-14 01:06:55 INFO  [http-nio-8080-exec-4] c.e.recipes.service.RecipeService - Cache cleared for patterns: recipes_* and recipe_*
2025-04-14 01:07:36 INFO  [SpringApplicationShutdownHook] o.s.o.j.LocalContainerEntityManagerFactoryBean - Closing JPA EntityManagerFactory for persistence unit 'default'
2025-04-14 01:07:36 INFO  [SpringApplicationShutdownHook] com.zaxxer.hikari.HikariDataSource - HikariPool-1 - Shutdown initiated...
2025-04-14 01:07:36 INFO  [SpringApplicationShutdownHook] com.zaxxer.hikari.HikariDataSource - HikariPool-1 - Shutdown completed.
2025-04-14 01:15:31 INFO  [background-preinit] o.h.validator.internal.util.Version - HV000001: Hibernate Validator 8.0.0.Final
2025-04-14 01:15:31 INFO  [main] c.e.recipes.RecipesApplicationTests - Starting RecipesApplicationTests using Java 17.0.14 with PID 11856 (started by User in C:\Users\User\IdeaProjects\recipes)
2025-04-14 01:15:31 INFO  [main] c.e.recipes.RecipesApplicationTests - No active profile set, falling back to 1 default profile: "default"
2025-04-14 01:15:32 INFO  [main] o.s.d.r.c.RepositoryConfigurationDelegate - Bootstrapping Spring Data JPA repositories in DEFAULT mode.
2025-04-14 01:15:32 INFO  [main] o.s.d.r.c.RepositoryConfigurationDelegate - Finished Spring Data repository scanning in 90 ms. Found 3 JPA repository interfaces.
2025-04-14 01:15:33 INFO  [main] o.h.jpa.internal.util.LogHelper - HHH000204: Processing PersistenceUnitInfo [name: default]
2025-04-14 01:15:33 INFO  [main] org.hibernate.Version - HHH000412: Hibernate ORM core version 6.1.7.Final
2025-04-14 01:15:34 INFO  [main] com.zaxxer.hikari.HikariDataSource - HikariPool-1 - Starting...
2025-04-14 01:15:34 INFO  [main] com.zaxxer.hikari.pool.HikariPool - HikariPool-1 - Added connection org.postgresql.jdbc.PgConnection@4a9869a8
2025-04-14 01:15:34 INFO  [main] com.zaxxer.hikari.HikariDataSource - HikariPool-1 - Start completed.
2025-04-14 01:15:34 INFO  [main] SQL dialect - HHH000400: Using dialect: org.hibernate.dialect.PostgreSQLDialect
2025-04-14 01:15:36 INFO  [main] o.h.e.t.j.p.i.JtaPlatformInitiator - HHH000490: Using JtaPlatform implementation: [org.hibernate.engine.transaction.jta.platform.internal.NoJtaPlatform]
2025-04-14 01:15:36 INFO  [main] o.s.o.j.LocalContainerEntityManagerFactoryBean - Initialized JPA EntityManagerFactory for persistence unit 'default'
2025-04-14 01:15:38 INFO  [main] c.e.recipes.RecipesApplicationTests - Started RecipesApplicationTests in 7.914 seconds (process running for 9.32)
2025-04-14 01:15:39 INFO  [SpringApplicationShutdownHook] o.s.o.j.LocalContainerEntityManagerFactoryBean - Closing JPA EntityManagerFactory for persistence unit 'default'
2025-04-14 01:15:39 INFO  [SpringApplicationShutdownHook] com.zaxxer.hikari.HikariDataSource - HikariPool-1 - Shutdown initiated...
2025-04-14 01:15:39 INFO  [SpringApplicationShutdownHook] com.zaxxer.hikari.HikariDataSource - HikariPool-1 - Shutdown completed.
2025-04-14 01:16:04 INFO  [background-preinit] o.h.validator.internal.util.Version - HV000001: Hibernate Validator 8.0.0.Final
2025-04-14 01:16:04 INFO  [main] c.example.recipes.RecipesApplication - Starting RecipesApplication using Java 17.0.14 with PID 11424 (C:\Users\User\IdeaProjects\recipes\target\classes started by User in C:\Users\User\IdeaProjects\recipes)
2025-04-14 01:16:04 INFO  [main] c.example.recipes.RecipesApplication - No active profile set, falling back to 1 default profile: "default"
2025-04-14 01:16:05 INFO  [main] o.s.d.r.c.RepositoryConfigurationDelegate - Bootstrapping Spring Data JPA repositories in DEFAULT mode.
2025-04-14 01:16:05 INFO  [main] o.s.d.r.c.RepositoryConfigurationDelegate - Finished Spring Data repository scanning in 99 ms. Found 3 JPA repository interfaces.
2025-04-14 01:16:06 INFO  [main] o.s.b.w.e.tomcat.TomcatWebServer - Tomcat initialized with port(s): 8080 (http)
2025-04-14 01:16:06 INFO  [main] o.a.coyote.http11.Http11NioProtocol - Initializing ProtocolHandler ["http-nio-8080"]
2025-04-14 01:16:06 INFO  [main] o.a.catalina.core.StandardService - Starting service [Tomcat]
2025-04-14 01:16:06 INFO  [main] o.a.catalina.core.StandardEngine - Starting Servlet engine: [Apache Tomcat/10.1.7]
2025-04-14 01:16:06 INFO  [main] o.a.c.c.C.[Tomcat].[localhost].[/] - Initializing Spring embedded WebApplicationContext
2025-04-14 01:16:06 INFO  [main] o.s.b.w.s.c.ServletWebServerApplicationContext - Root WebApplicationContext: initialization completed in 2125 ms
2025-04-14 01:16:06 INFO  [main] o.h.jpa.internal.util.LogHelper - HHH000204: Processing PersistenceUnitInfo [name: default]
2025-04-14 01:16:07 INFO  [main] org.hibernate.Version - HHH000412: Hibernate ORM core version 6.1.7.Final
2025-04-14 01:16:07 INFO  [main] com.zaxxer.hikari.HikariDataSource - HikariPool-1 - Starting...
2025-04-14 01:16:07 INFO  [main] com.zaxxer.hikari.pool.HikariPool - HikariPool-1 - Added connection org.postgresql.jdbc.PgConnection@6e948f1c
2025-04-14 01:16:07 INFO  [main] com.zaxxer.hikari.HikariDataSource - HikariPool-1 - Start completed.
2025-04-14 01:16:07 INFO  [main] SQL dialect - HHH000400: Using dialect: org.hibernate.dialect.PostgreSQLDialect
2025-04-14 01:16:08 INFO  [main] o.h.e.t.j.p.i.JtaPlatformInitiator - HHH000490: Using JtaPlatform implementation: [org.hibernate.engine.transaction.jta.platform.internal.NoJtaPlatform]
2025-04-14 01:16:08 INFO  [main] o.s.o.j.LocalContainerEntityManagerFactoryBean - Initialized JPA EntityManagerFactory for persistence unit 'default'
2025-04-14 01:16:10 INFO  [main] o.a.coyote.http11.Http11NioProtocol - Starting ProtocolHandler ["http-nio-8080"]
2025-04-14 01:16:10 INFO  [main] o.s.b.w.e.tomcat.TomcatWebServer - Tomcat started on port(s): 8080 (http) with context path ''
2025-04-14 01:16:10 INFO  [main] c.example.recipes.RecipesApplication - Started RecipesApplication in 6.942 seconds (process running for 7.57)
2025-04-14 01:17:08 INFO  [http-nio-8080-exec-1] o.a.c.c.C.[Tomcat].[localhost].[/] - Initializing Spring DispatcherServlet 'dispatcherServlet'
2025-04-14 01:17:08 INFO  [http-nio-8080-exec-1] o.s.web.servlet.DispatcherServlet - Initializing Servlet 'dispatcherServlet'
2025-04-14 01:17:08 INFO  [http-nio-8080-exec-1] o.s.web.servlet.DispatcherServlet - Completed initialization in 1 ms
2025-04-14 01:17:08 INFO  [http-nio-8080-exec-1] c.e.recipes.aspect.LoggingAspect - Method called: RecipeService.createRecipe(..)
2025-04-14 01:17:09 INFO  [http-nio-8080-exec-1] c.example.recipes.config.CacheConfig - Current cache keys: []
2025-04-14 01:17:09 INFO  [http-nio-8080-exec-1] c.e.recipes.service.RecipeService - Current cache keys before clearing: []
2025-04-14 01:17:09 WARN  [http-nio-8080-exec-1] c.example.recipes.config.CacheConfig - Cache entry with key all_recipes not found
2025-04-14 01:17:09 INFO  [http-nio-8080-exec-1] c.example.recipes.config.CacheConfig - Evicted 0 entries by pattern: recipes_*
2025-04-14 01:17:09 INFO  [http-nio-8080-exec-1] c.example.recipes.config.CacheConfig - Evicted 0 entries by pattern: recipe_*
2025-04-14 01:17:09 INFO  [http-nio-8080-exec-1] c.e.recipes.service.RecipeService - Cache cleared for patterns: recipes_* and recipe_*
2025-04-14 01:17:09 INFO  [http-nio-8080-exec-1] c.e.recipes.aspect.LoggingAspect - Method called: RecipeService.createRecipe(..)
2025-04-14 01:17:09 INFO  [http-nio-8080-exec-1] c.example.recipes.config.CacheConfig - Current cache keys: []
2025-04-14 01:17:09 INFO  [http-nio-8080-exec-1] c.e.recipes.service.RecipeService - Current cache keys before clearing: []
2025-04-14 01:17:09 WARN  [http-nio-8080-exec-1] c.example.recipes.config.CacheConfig - Cache entry with key all_recipes not found
2025-04-14 01:17:09 INFO  [http-nio-8080-exec-1] c.example.recipes.config.CacheConfig - Evicted 0 entries by pattern: recipes_*
2025-04-14 01:17:09 INFO  [http-nio-8080-exec-1] c.example.recipes.config.CacheConfig - Evicted 0 entries by pattern: recipe_*
2025-04-14 01:17:09 INFO  [http-nio-8080-exec-1] c.e.recipes.service.RecipeService - Cache cleared for patterns: recipes_* and recipe_*
2025-04-14 01:17:09 INFO  [http-nio-8080-exec-1] c.e.recipes.aspect.LoggingAspect - Method called: RecipeService.createRecipe(..)
2025-04-14 01:17:09 INFO  [http-nio-8080-exec-1] c.example.recipes.config.CacheConfig - Current cache keys: []
2025-04-14 01:17:09 INFO  [http-nio-8080-exec-1] c.e.recipes.service.RecipeService - Current cache keys before clearing: []
2025-04-14 01:17:09 WARN  [http-nio-8080-exec-1] c.example.recipes.config.CacheConfig - Cache entry with key all_recipes not found
2025-04-14 01:17:09 INFO  [http-nio-8080-exec-1] c.example.recipes.config.CacheConfig - Evicted 0 entries by pattern: recipes_*
2025-04-14 01:17:09 INFO  [http-nio-8080-exec-1] c.example.recipes.config.CacheConfig - Evicted 0 entries by pattern: recipe_*
2025-04-14 01:17:09 INFO  [http-nio-8080-exec-1] c.e.recipes.service.RecipeService - Cache cleared for patterns: recipes_* and recipe_*
2025-04-14 01:19:17 INFO  [http-nio-8080-exec-5] c.e.recipes.aspect.LoggingAspect - Method called: ReviewService.addReviewToRecipe(..)
2025-04-14 01:19:17 INFO  [http-nio-8080-exec-5] c.e.recipes.aspect.LoggingAspect - Method called: ReviewService.addReviewToRecipe(..)
2025-04-14 01:19:41 INFO  [SpringApplicationShutdownHook] o.s.o.j.LocalContainerEntityManagerFactoryBean - Closing JPA EntityManagerFactory for persistence unit 'default'
2025-04-14 01:19:41 INFO  [SpringApplicationShutdownHook] com.zaxxer.hikari.HikariDataSource - HikariPool-1 - Shutdown initiated...
2025-04-14 01:19:41 INFO  [SpringApplicationShutdownHook] com.zaxxer.hikari.HikariDataSource - HikariPool-1 - Shutdown completed.
2025-04-14 01:47:20 INFO  [background-preinit] o.h.validator.internal.util.Version - HV000001: Hibernate Validator 8.0.0.Final
2025-04-14 01:47:20 INFO  [main] c.example.recipes.RecipesApplication - Starting RecipesApplication using Java 17.0.14 with PID 3308 (C:\Users\User\IdeaProjects\recipes\target\classes started by User in C:\Users\User\IdeaProjects\recipes)
2025-04-14 01:47:20 INFO  [main] c.example.recipes.RecipesApplication - No active profile set, falling back to 1 default profile: "default"
2025-04-14 01:47:21 INFO  [main] o.s.d.r.c.RepositoryConfigurationDelegate - Bootstrapping Spring Data JPA repositories in DEFAULT mode.
2025-04-14 01:47:21 INFO  [main] o.s.d.r.c.RepositoryConfigurationDelegate - Finished Spring Data repository scanning in 80 ms. Found 3 JPA repository interfaces.
2025-04-14 01:47:22 INFO  [main] o.s.b.w.e.tomcat.TomcatWebServer - Tomcat initialized with port(s): 8080 (http)
2025-04-14 01:47:22 INFO  [main] o.a.coyote.http11.Http11NioProtocol - Initializing ProtocolHandler ["http-nio-8080"]
2025-04-14 01:47:22 INFO  [main] o.a.catalina.core.StandardService - Starting service [Tomcat]
2025-04-14 01:47:22 INFO  [main] o.a.catalina.core.StandardEngine - Starting Servlet engine: [Apache Tomcat/10.1.7]
2025-04-14 01:47:22 INFO  [main] o.a.c.c.C.[Tomcat].[localhost].[/] - Initializing Spring embedded WebApplicationContext
2025-04-14 01:47:22 INFO  [main] o.s.b.w.s.c.ServletWebServerApplicationContext - Root WebApplicationContext: initialization completed in 2068 ms
2025-04-14 01:47:22 INFO  [main] o.h.jpa.internal.util.LogHelper - HHH000204: Processing PersistenceUnitInfo [name: default]
2025-04-14 01:47:22 INFO  [main] org.hibernate.Version - HHH000412: Hibernate ORM core version 6.1.7.Final
2025-04-14 01:47:22 INFO  [main] com.zaxxer.hikari.HikariDataSource - HikariPool-1 - Starting...
2025-04-14 01:47:23 INFO  [main] com.zaxxer.hikari.pool.HikariPool - HikariPool-1 - Added connection org.postgresql.jdbc.PgConnection@12448de1
2025-04-14 01:47:23 INFO  [main] com.zaxxer.hikari.HikariDataSource - HikariPool-1 - Start completed.
2025-04-14 01:47:23 INFO  [main] SQL dialect - HHH000400: Using dialect: org.hibernate.dialect.PostgreSQLDialect
2025-04-14 01:47:24 INFO  [main] o.h.e.t.j.p.i.JtaPlatformInitiator - HHH000490: Using JtaPlatform implementation: [org.hibernate.engine.transaction.jta.platform.internal.NoJtaPlatform]
2025-04-14 01:47:24 INFO  [main] o.s.o.j.LocalContainerEntityManagerFactoryBean - Initialized JPA EntityManagerFactory for persistence unit 'default'
2025-04-14 01:47:26 INFO  [main] o.a.coyote.http11.Http11NioProtocol - Starting ProtocolHandler ["http-nio-8080"]
2025-04-14 01:47:26 INFO  [main] o.s.b.w.e.tomcat.TomcatWebServer - Tomcat started on port(s): 8080 (http) with context path ''
2025-04-14 01:47:26 INFO  [main] c.example.recipes.RecipesApplication - Started RecipesApplication in 6.694 seconds (process running for 7.279)
2025-04-14 01:48:06 INFO  [SpringApplicationShutdownHook] o.s.o.j.LocalContainerEntityManagerFactoryBean - Closing JPA EntityManagerFactory for persistence unit 'default'
2025-04-14 01:48:06 INFO  [SpringApplicationShutdownHook] com.zaxxer.hikari.HikariDataSource - HikariPool-1 - Shutdown initiated...
2025-04-14 01:48:06 INFO  [SpringApplicationShutdownHook] com.zaxxer.hikari.HikariDataSource - HikariPool-1 - Shutdown completed.
2025-04-14 01:48:29 INFO  [background-preinit] o.h.validator.internal.util.Version - HV000001: Hibernate Validator 8.0.0.Final
2025-04-14 01:48:29 INFO  [main] c.e.recipes.RecipesApplicationTests - Starting RecipesApplicationTests using Java 17.0.14 with PID 7740 (started by User in C:\Users\User\IdeaProjects\recipes)
2025-04-14 01:48:29 INFO  [main] c.e.recipes.RecipesApplicationTests - No active profile set, falling back to 1 default profile: "default"
2025-04-14 01:48:31 INFO  [main] o.s.d.r.c.RepositoryConfigurationDelegate - Bootstrapping Spring Data JPA repositories in DEFAULT mode.
2025-04-14 01:48:31 INFO  [main] o.s.d.r.c.RepositoryConfigurationDelegate - Finished Spring Data repository scanning in 85 ms. Found 3 JPA repository interfaces.
2025-04-14 01:48:32 INFO  [main] o.h.jpa.internal.util.LogHelper - HHH000204: Processing PersistenceUnitInfo [name: default]
2025-04-14 01:48:32 INFO  [main] org.hibernate.Version - HHH000412: Hibernate ORM core version 6.1.7.Final
2025-04-14 01:48:33 INFO  [main] com.zaxxer.hikari.HikariDataSource - HikariPool-1 - Starting...
2025-04-14 01:48:33 INFO  [main] com.zaxxer.hikari.pool.HikariPool - HikariPool-1 - Added connection org.postgresql.jdbc.PgConnection@40f9f60d
2025-04-14 01:48:33 INFO  [main] com.zaxxer.hikari.HikariDataSource - HikariPool-1 - Start completed.
2025-04-14 01:48:33 INFO  [main] SQL dialect - HHH000400: Using dialect: org.hibernate.dialect.PostgreSQLDialect
2025-04-14 01:48:34 INFO  [main] o.h.e.t.j.p.i.JtaPlatformInitiator - HHH000490: Using JtaPlatform implementation: [org.hibernate.engine.transaction.jta.platform.internal.NoJtaPlatform]
2025-04-14 01:48:34 INFO  [main] o.s.o.j.LocalContainerEntityManagerFactoryBean - Initialized JPA EntityManagerFactory for persistence unit 'default'
2025-04-14 01:48:37 INFO  [main] c.e.recipes.RecipesApplicationTests - Started RecipesApplicationTests in 8.126 seconds (process running for 9.418)
2025-04-14 01:48:37 INFO  [SpringApplicationShutdownHook] o.s.o.j.LocalContainerEntityManagerFactoryBean - Closing JPA EntityManagerFactory for persistence unit 'default'
2025-04-14 01:48:37 INFO  [SpringApplicationShutdownHook] com.zaxxer.hikari.HikariDataSource - HikariPool-1 - Shutdown initiated...
2025-04-14 01:48:37 INFO  [SpringApplicationShutdownHook] com.zaxxer.hikari.HikariDataSource - HikariPool-1 - Shutdown completed.
2025-04-14 03:05:52 INFO  [background-preinit] o.h.validator.internal.util.Version - HV000001: Hibernate Validator 8.0.0.Final
2025-04-14 03:05:52 INFO  [main] c.example.recipes.RecipesApplication - Starting RecipesApplication using Java 17.0.14 with PID 18240 (C:\Users\User\IdeaProjects\recipes\target\classes started by User in C:\Users\User\IdeaProjects\recipes)
2025-04-14 03:05:52 INFO  [main] c.example.recipes.RecipesApplication - No active profile set, falling back to 1 default profile: "default"
2025-04-14 03:05:53 INFO  [main] o.s.d.r.c.RepositoryConfigurationDelegate - Bootstrapping Spring Data JPA repositories in DEFAULT mode.
2025-04-14 03:05:53 INFO  [main] o.s.d.r.c.RepositoryConfigurationDelegate - Finished Spring Data repository scanning in 65 ms. Found 3 JPA repository interfaces.
2025-04-14 03:05:54 INFO  [main] o.s.b.w.e.tomcat.TomcatWebServer - Tomcat initialized with port(s): 8080 (http)
2025-04-14 03:05:54 INFO  [main] o.a.coyote.http11.Http11NioProtocol - Initializing ProtocolHandler ["http-nio-8080"]
2025-04-14 03:05:54 INFO  [main] o.a.catalina.core.StandardService - Starting service [Tomcat]
2025-04-14 03:05:54 INFO  [main] o.a.catalina.core.StandardEngine - Starting Servlet engine: [Apache Tomcat/10.1.7]
2025-04-14 03:05:54 INFO  [main] o.a.c.c.C.[Tomcat].[localhost].[/] - Initializing Spring embedded WebApplicationContext
2025-04-14 03:05:54 INFO  [main] o.s.b.w.s.c.ServletWebServerApplicationContext - Root WebApplicationContext: initialization completed in 1433 ms
2025-04-14 03:05:54 INFO  [main] o.h.jpa.internal.util.LogHelper - HHH000204: Processing PersistenceUnitInfo [name: default]
2025-04-14 03:05:54 INFO  [main] org.hibernate.Version - HHH000412: Hibernate ORM core version 6.1.7.Final
2025-04-14 03:05:54 INFO  [main] com.zaxxer.hikari.HikariDataSource - HikariPool-1 - Starting...
2025-04-14 03:05:54 INFO  [main] com.zaxxer.hikari.pool.HikariPool - HikariPool-1 - Added connection org.postgresql.jdbc.PgConnection@1640f20f
2025-04-14 03:05:54 INFO  [main] com.zaxxer.hikari.HikariDataSource - HikariPool-1 - Start completed.
2025-04-14 03:05:54 INFO  [main] SQL dialect - HHH000400: Using dialect: org.hibernate.dialect.PostgreSQLDialect
2025-04-14 03:05:55 INFO  [main] o.h.e.t.j.p.i.JtaPlatformInitiator - HHH000490: Using JtaPlatform implementation: [org.hibernate.engine.transaction.jta.platform.internal.NoJtaPlatform]
2025-04-14 03:05:55 INFO  [main] o.s.o.j.LocalContainerEntityManagerFactoryBean - Initialized JPA EntityManagerFactory for persistence unit 'default'
2025-04-14 03:05:57 INFO  [main] o.a.coyote.http11.Http11NioProtocol - Starting ProtocolHandler ["http-nio-8080"]
2025-04-14 03:05:57 INFO  [main] o.s.b.w.e.tomcat.TomcatWebServer - Tomcat started on port(s): 8080 (http) with context path ''
2025-04-14 03:05:57 INFO  [main] c.example.recipes.RecipesApplication - Started RecipesApplication in 4.941 seconds (process running for 5.49)
2025-04-14 03:06:19 INFO  [http-nio-8080-exec-7] o.a.c.c.C.[Tomcat].[localhost].[/] - Initializing Spring DispatcherServlet 'dispatcherServlet'
2025-04-14 03:06:19 INFO  [http-nio-8080-exec-7] o.s.web.servlet.DispatcherServlet - Initializing Servlet 'dispatcherServlet'
2025-04-14 03:06:19 INFO  [http-nio-8080-exec-7] o.s.web.servlet.DispatcherServlet - Completed initialization in 1 ms
2025-04-14 03:06:19 INFO  [http-nio-8080-exec-7] c.e.recipes.aspect.LoggingAspect - Method called: IngredientService.createIngredient(..)
2025-04-14 03:06:21 INFO  [http-nio-8080-exec-5] c.e.recipes.aspect.LoggingAspect - Method called: IngredientService.createIngredient(..)
2025-04-14 03:06:21 ERROR [http-nio-8080-exec-5] c.e.recipes.aspect.LoggingAspect - Exception in method: IngredientService.createIngredient(..)
com.example.recipes.exceptions.ValidationException: Ingredient with name '   кускус ' already exists
	at com.example.recipes.service.IngredientService.createIngredient(IngredientService.java:45)
	at java.base/jdk.internal.reflect.NativeMethodAccessorImpl.invoke0(Native Method)
	at java.base/jdk.internal.reflect.NativeMethodAccessorImpl.invoke(NativeMethodAccessorImpl.java:77)
	at java.base/jdk.internal.reflect.DelegatingMethodAccessorImpl.invoke(DelegatingMethodAccessorImpl.java:43)
	at java.base/java.lang.reflect.Method.invoke(Method.java:569)
	at org.springframework.aop.support.AopUtils.invokeJoinpointUsingReflection(AopUtils.java:343)
	at org.springframework.aop.framework.ReflectiveMethodInvocation.invokeJoinpoint(ReflectiveMethodInvocation.java:196)
	at org.springframework.aop.framework.ReflectiveMethodInvocation.proceed(ReflectiveMethodInvocation.java:163)
	at org.springframework.aop.framework.CglibAopProxy$CglibMethodInvocation.proceed(CglibAopProxy.java:750)
	at org.springframework.aop.aspectj.AspectJAfterThrowingAdvice.invoke(AspectJAfterThrowingAdvice.java:64)
	at org.springframework.aop.framework.ReflectiveMethodInvocation.proceed(ReflectiveMethodInvocation.java:184)
	at org.springframework.aop.framework.CglibAopProxy$CglibMethodInvocation.proceed(CglibAopProxy.java:750)
	at org.springframework.aop.framework.adapter.MethodBeforeAdviceInterceptor.invoke(MethodBeforeAdviceInterceptor.java:58)
	at org.springframework.aop.framework.ReflectiveMethodInvocation.proceed(ReflectiveMethodInvocation.java:184)
	at org.springframework.aop.framework.CglibAopProxy$CglibMethodInvocation.proceed(CglibAopProxy.java:750)
	at org.springframework.transaction.interceptor.TransactionInterceptor$1.proceedWithInvocation(TransactionInterceptor.java:123)
	at org.springframework.transaction.interceptor.TransactionAspectSupport.invokeWithinTransaction(TransactionAspectSupport.java:391)
	at org.springframework.transaction.interceptor.TransactionInterceptor.invoke(TransactionInterceptor.java:119)
	at org.springframework.aop.framework.ReflectiveMethodInvocation.proceed(ReflectiveMethodInvocation.java:184)
	at org.springframework.aop.framework.CglibAopProxy$CglibMethodInvocation.proceed(CglibAopProxy.java:750)
	at org.springframework.aop.interceptor.ExposeInvocationInterceptor.invoke(ExposeInvocationInterceptor.java:97)
	at org.springframework.aop.framework.ReflectiveMethodInvocation.proceed(ReflectiveMethodInvocation.java:184)
	at org.springframework.aop.framework.CglibAopProxy$CglibMethodInvocation.proceed(CglibAopProxy.java:750)
	at org.springframework.aop.framework.CglibAopProxy$DynamicAdvisedInterceptor.intercept(CglibAopProxy.java:702)
	at com.example.recipes.service.IngredientService$$SpringCGLIB$$0.createIngredient(<generated>)
	at com.example.recipes.controller.IngredientController.createIngredient(IngredientController.java:55)
	at java.base/jdk.internal.reflect.NativeMethodAccessorImpl.invoke0(Native Method)
	at java.base/jdk.internal.reflect.NativeMethodAccessorImpl.invoke(NativeMethodAccessorImpl.java:77)
	at java.base/jdk.internal.reflect.DelegatingMethodAccessorImpl.invoke(DelegatingMethodAccessorImpl.java:43)
	at java.base/java.lang.reflect.Method.invoke(Method.java:569)
	at org.springframework.web.method.support.InvocableHandlerMethod.doInvoke(InvocableHandlerMethod.java:207)
	at org.springframework.web.method.support.InvocableHandlerMethod.invokeForRequest(InvocableHandlerMethod.java:152)
	at org.springframework.web.servlet.mvc.method.annotation.ServletInvocableHandlerMethod.invokeAndHandle(ServletInvocableHandlerMethod.java:118)
	at org.springframework.web.servlet.mvc.method.annotation.RequestMappingHandlerAdapter.invokeHandlerMethod(RequestMappingHandlerAdapter.java:884)
	at org.springframework.web.servlet.mvc.method.annotation.RequestMappingHandlerAdapter.handleInternal(RequestMappingHandlerAdapter.java:797)
	at org.springframework.web.servlet.mvc.method.AbstractHandlerMethodAdapter.handle(AbstractHandlerMethodAdapter.java:87)
	at org.springframework.web.servlet.DispatcherServlet.doDispatch(DispatcherServlet.java:1081)
	at org.springframework.web.servlet.DispatcherServlet.doService(DispatcherServlet.java:974)
	at org.springframework.web.servlet.FrameworkServlet.processRequest(FrameworkServlet.java:1011)
	at org.springframework.web.servlet.FrameworkServlet.doPost(FrameworkServlet.java:914)
	at jakarta.servlet.http.HttpServlet.service(HttpServlet.java:563)
	at org.springframework.web.servlet.FrameworkServlet.service(FrameworkServlet.java:885)
	at jakarta.servlet.http.HttpServlet.service(HttpServlet.java:631)
	at org.apache.catalina.core.ApplicationFilterChain.internalDoFilter(ApplicationFilterChain.java:205)
	at org.apache.catalina.core.ApplicationFilterChain.doFilter(ApplicationFilterChain.java:149)
	at org.apache.tomcat.websocket.server.WsFilter.doFilter(WsFilter.java:53)
	at org.apache.catalina.core.ApplicationFilterChain.internalDoFilter(ApplicationFilterChain.java:174)
	at org.apache.catalina.core.ApplicationFilterChain.doFilter(ApplicationFilterChain.java:149)
	at org.springframework.web.filter.RequestContextFilter.doFilterInternal(RequestContextFilter.java:100)
	at org.springframework.web.filter.OncePerRequestFilter.doFilter(OncePerRequestFilter.java:116)
	at org.apache.catalina.core.ApplicationFilterChain.internalDoFilter(ApplicationFilterChain.java:174)
	at org.apache.catalina.core.ApplicationFilterChain.doFilter(ApplicationFilterChain.java:149)
	at org.springframework.web.filter.FormContentFilter.doFilterInternal(FormContentFilter.java:93)
	at org.springframework.web.filter.OncePerRequestFilter.doFilter(OncePerRequestFilter.java:116)
	at org.apache.catalina.core.ApplicationFilterChain.internalDoFilter(ApplicationFilterChain.java:174)
	at org.apache.catalina.core.ApplicationFilterChain.doFilter(ApplicationFilterChain.java:149)
	at org.springframework.web.filter.CharacterEncodingFilter.doFilterInternal(CharacterEncodingFilter.java:201)
	at org.springframework.web.filter.OncePerRequestFilter.doFilter(OncePerRequestFilter.java:116)
	at org.apache.catalina.core.ApplicationFilterChain.internalDoFilter(ApplicationFilterChain.java:174)
	at org.apache.catalina.core.ApplicationFilterChain.doFilter(ApplicationFilterChain.java:149)
	at org.apache.catalina.core.StandardWrapperValve.invoke(StandardWrapperValve.java:166)
	at org.apache.catalina.core.StandardContextValve.invoke(StandardContextValve.java:90)
	at org.apache.catalina.authenticator.AuthenticatorBase.invoke(AuthenticatorBase.java:493)
	at org.apache.catalina.core.StandardHostValve.invoke(StandardHostValve.java:115)
	at org.apache.catalina.valves.ErrorReportValve.invoke(ErrorReportValve.java:93)
	at org.apache.catalina.core.StandardEngineValve.invoke(StandardEngineValve.java:74)
	at org.apache.catalina.connector.CoyoteAdapter.service(CoyoteAdapter.java:341)
	at org.apache.coyote.http11.Http11Processor.service(Http11Processor.java:390)
	at org.apache.coyote.AbstractProcessorLight.process(AbstractProcessorLight.java:63)
	at org.apache.coyote.AbstractProtocol$ConnectionHandler.process(AbstractProtocol.java:894)
	at org.apache.tomcat.util.net.NioEndpoint$SocketProcessor.doRun(NioEndpoint.java:1741)
	at org.apache.tomcat.util.net.SocketProcessorBase.run(SocketProcessorBase.java:52)
	at org.apache.tomcat.util.threads.ThreadPoolExecutor.runWorker(ThreadPoolExecutor.java:1191)
	at org.apache.tomcat.util.threads.ThreadPoolExecutor$Worker.run(ThreadPoolExecutor.java:659)
	at org.apache.tomcat.util.threads.TaskThread$WrappingRunnable.run(TaskThread.java:61)
	at java.base/java.lang.Thread.run(Thread.java:840)
2025-04-14 03:06:34 INFO  [http-nio-8080-exec-9] c.e.recipes.aspect.LoggingAspect - Method called: IngredientService.createIngredient(..)
2025-04-14 03:07:52 INFO  [http-nio-8080-exec-4] c.e.recipes.aspect.LoggingAspect - Method called: IngredientService.deleteIngredient(..)
2025-04-14 03:07:56 INFO  [http-nio-8080-exec-10] c.e.recipes.aspect.LoggingAspect - Method called: IngredientService.deleteIngredient(..)
2025-04-14 03:16:43 INFO  [SpringApplicationShutdownHook] o.s.o.j.LocalContainerEntityManagerFactoryBean - Closing JPA EntityManagerFactory for persistence unit 'default'
2025-04-14 03:16:43 INFO  [SpringApplicationShutdownHook] com.zaxxer.hikari.HikariDataSource - HikariPool-1 - Shutdown initiated...
2025-04-14 03:16:43 INFO  [SpringApplicationShutdownHook] com.zaxxer.hikari.HikariDataSource - HikariPool-1 - Shutdown completed.
2025-04-14 03:16:47 INFO  [background-preinit] o.h.validator.internal.util.Version - HV000001: Hibernate Validator 8.0.0.Final
2025-04-14 03:16:47 INFO  [main] c.example.recipes.RecipesApplication - Starting RecipesApplication using Java 17.0.14 with PID 3152 (C:\Users\User\IdeaProjects\recipes\target\classes started by User in C:\Users\User\IdeaProjects\recipes)
2025-04-14 03:16:47 INFO  [main] c.example.recipes.RecipesApplication - No active profile set, falling back to 1 default profile: "default"
2025-04-14 03:16:47 INFO  [main] o.s.d.r.c.RepositoryConfigurationDelegate - Bootstrapping Spring Data JPA repositories in DEFAULT mode.
2025-04-14 03:16:47 INFO  [main] o.s.d.r.c.RepositoryConfigurationDelegate - Finished Spring Data repository scanning in 62 ms. Found 3 JPA repository interfaces.
2025-04-14 03:16:48 INFO  [main] o.s.b.w.e.tomcat.TomcatWebServer - Tomcat initialized with port(s): 8080 (http)
2025-04-14 03:16:48 INFO  [main] o.a.coyote.http11.Http11NioProtocol - Initializing ProtocolHandler ["http-nio-8080"]
2025-04-14 03:16:48 INFO  [main] o.a.catalina.core.StandardService - Starting service [Tomcat]
2025-04-14 03:16:48 INFO  [main] o.a.catalina.core.StandardEngine - Starting Servlet engine: [Apache Tomcat/10.1.7]
2025-04-14 03:16:48 INFO  [main] o.a.c.c.C.[Tomcat].[localhost].[/] - Initializing Spring embedded WebApplicationContext
2025-04-14 03:16:48 INFO  [main] o.s.b.w.s.c.ServletWebServerApplicationContext - Root WebApplicationContext: initialization completed in 1616 ms
2025-04-14 03:16:48 INFO  [main] o.h.jpa.internal.util.LogHelper - HHH000204: Processing PersistenceUnitInfo [name: default]
2025-04-14 03:16:48 INFO  [main] org.hibernate.Version - HHH000412: Hibernate ORM core version 6.1.7.Final
2025-04-14 03:16:49 INFO  [main] com.zaxxer.hikari.HikariDataSource - HikariPool-1 - Starting...
2025-04-14 03:16:49 INFO  [main] com.zaxxer.hikari.pool.HikariPool - HikariPool-1 - Added connection org.postgresql.jdbc.PgConnection@2b35c7aa
2025-04-14 03:16:49 INFO  [main] com.zaxxer.hikari.HikariDataSource - HikariPool-1 - Start completed.
2025-04-14 03:16:49 INFO  [main] SQL dialect - HHH000400: Using dialect: org.hibernate.dialect.PostgreSQLDialect
2025-04-14 03:16:50 INFO  [main] o.h.e.t.j.p.i.JtaPlatformInitiator - HHH000490: Using JtaPlatform implementation: [org.hibernate.engine.transaction.jta.platform.internal.NoJtaPlatform]
2025-04-14 03:16:50 INFO  [main] o.s.o.j.LocalContainerEntityManagerFactoryBean - Initialized JPA EntityManagerFactory for persistence unit 'default'
2025-04-14 03:16:51 INFO  [main] o.a.coyote.http11.Http11NioProtocol - Starting ProtocolHandler ["http-nio-8080"]
2025-04-14 03:16:51 INFO  [main] o.s.b.w.e.tomcat.TomcatWebServer - Tomcat started on port(s): 8080 (http) with context path ''
2025-04-14 03:16:51 INFO  [main] c.example.recipes.RecipesApplication - Started RecipesApplication in 5.184 seconds (process running for 5.614)
2025-04-14 03:17:14 INFO  [http-nio-8080-exec-5] o.a.c.c.C.[Tomcat].[localhost].[/] - Initializing Spring DispatcherServlet 'dispatcherServlet'
2025-04-14 03:17:14 INFO  [http-nio-8080-exec-5] o.s.web.servlet.DispatcherServlet - Initializing Servlet 'dispatcherServlet'
2025-04-14 03:17:14 INFO  [http-nio-8080-exec-5] o.s.web.servlet.DispatcherServlet - Completed initialization in 1 ms
2025-04-14 03:17:15 INFO  [http-nio-8080-exec-5] c.e.recipes.aspect.LoggingAspect - Method called: IngredientService.createIngredient(..)
2025-04-14 03:17:15 ERROR [http-nio-8080-exec-5] c.e.recipes.aspect.LoggingAspect - Exception in method: IngredientService.createIngredient(..)
com.example.recipes.exceptions.ValidationException: Ingredient with name 'кускус' already exists.
	at com.example.recipes.service.IngredientService.createIngredient(IngredientService.java:49)
	at java.base/jdk.internal.reflect.NativeMethodAccessorImpl.invoke0(Native Method)
	at java.base/jdk.internal.reflect.NativeMethodAccessorImpl.invoke(NativeMethodAccessorImpl.java:77)
	at java.base/jdk.internal.reflect.DelegatingMethodAccessorImpl.invoke(DelegatingMethodAccessorImpl.java:43)
	at java.base/java.lang.reflect.Method.invoke(Method.java:569)
	at org.springframework.aop.support.AopUtils.invokeJoinpointUsingReflection(AopUtils.java:343)
	at org.springframework.aop.framework.ReflectiveMethodInvocation.invokeJoinpoint(ReflectiveMethodInvocation.java:196)
	at org.springframework.aop.framework.ReflectiveMethodInvocation.proceed(ReflectiveMethodInvocation.java:163)
	at org.springframework.aop.framework.CglibAopProxy$CglibMethodInvocation.proceed(CglibAopProxy.java:750)
	at org.springframework.aop.aspectj.AspectJAfterThrowingAdvice.invoke(AspectJAfterThrowingAdvice.java:64)
	at org.springframework.aop.framework.ReflectiveMethodInvocation.proceed(ReflectiveMethodInvocation.java:184)
	at org.springframework.aop.framework.CglibAopProxy$CglibMethodInvocation.proceed(CglibAopProxy.java:750)
	at org.springframework.aop.framework.adapter.MethodBeforeAdviceInterceptor.invoke(MethodBeforeAdviceInterceptor.java:58)
	at org.springframework.aop.framework.ReflectiveMethodInvocation.proceed(ReflectiveMethodInvocation.java:184)
	at org.springframework.aop.framework.CglibAopProxy$CglibMethodInvocation.proceed(CglibAopProxy.java:750)
	at org.springframework.transaction.interceptor.TransactionInterceptor$1.proceedWithInvocation(TransactionInterceptor.java:123)
	at org.springframework.transaction.interceptor.TransactionAspectSupport.invokeWithinTransaction(TransactionAspectSupport.java:391)
	at org.springframework.transaction.interceptor.TransactionInterceptor.invoke(TransactionInterceptor.java:119)
	at org.springframework.aop.framework.ReflectiveMethodInvocation.proceed(ReflectiveMethodInvocation.java:184)
	at org.springframework.aop.framework.CglibAopProxy$CglibMethodInvocation.proceed(CglibAopProxy.java:750)
	at org.springframework.aop.interceptor.ExposeInvocationInterceptor.invoke(ExposeInvocationInterceptor.java:97)
	at org.springframework.aop.framework.ReflectiveMethodInvocation.proceed(ReflectiveMethodInvocation.java:184)
	at org.springframework.aop.framework.CglibAopProxy$CglibMethodInvocation.proceed(CglibAopProxy.java:750)
	at org.springframework.aop.framework.CglibAopProxy$DynamicAdvisedInterceptor.intercept(CglibAopProxy.java:702)
	at com.example.recipes.service.IngredientService$$SpringCGLIB$$0.createIngredient(<generated>)
	at com.example.recipes.controller.IngredientController.createIngredient(IngredientController.java:55)
	at java.base/jdk.internal.reflect.NativeMethodAccessorImpl.invoke0(Native Method)
	at java.base/jdk.internal.reflect.NativeMethodAccessorImpl.invoke(NativeMethodAccessorImpl.java:77)
	at java.base/jdk.internal.reflect.DelegatingMethodAccessorImpl.invoke(DelegatingMethodAccessorImpl.java:43)
	at java.base/java.lang.reflect.Method.invoke(Method.java:569)
	at org.springframework.web.method.support.InvocableHandlerMethod.doInvoke(InvocableHandlerMethod.java:207)
	at org.springframework.web.method.support.InvocableHandlerMethod.invokeForRequest(InvocableHandlerMethod.java:152)
	at org.springframework.web.servlet.mvc.method.annotation.ServletInvocableHandlerMethod.invokeAndHandle(ServletInvocableHandlerMethod.java:118)
	at org.springframework.web.servlet.mvc.method.annotation.RequestMappingHandlerAdapter.invokeHandlerMethod(RequestMappingHandlerAdapter.java:884)
	at org.springframework.web.servlet.mvc.method.annotation.RequestMappingHandlerAdapter.handleInternal(RequestMappingHandlerAdapter.java:797)
	at org.springframework.web.servlet.mvc.method.AbstractHandlerMethodAdapter.handle(AbstractHandlerMethodAdapter.java:87)
	at org.springframework.web.servlet.DispatcherServlet.doDispatch(DispatcherServlet.java:1081)
	at org.springframework.web.servlet.DispatcherServlet.doService(DispatcherServlet.java:974)
	at org.springframework.web.servlet.FrameworkServlet.processRequest(FrameworkServlet.java:1011)
	at org.springframework.web.servlet.FrameworkServlet.doPost(FrameworkServlet.java:914)
	at jakarta.servlet.http.HttpServlet.service(HttpServlet.java:563)
	at org.springframework.web.servlet.FrameworkServlet.service(FrameworkServlet.java:885)
	at jakarta.servlet.http.HttpServlet.service(HttpServlet.java:631)
	at org.apache.catalina.core.ApplicationFilterChain.internalDoFilter(ApplicationFilterChain.java:205)
	at org.apache.catalina.core.ApplicationFilterChain.doFilter(ApplicationFilterChain.java:149)
	at org.apache.tomcat.websocket.server.WsFilter.doFilter(WsFilter.java:53)
	at org.apache.catalina.core.ApplicationFilterChain.internalDoFilter(ApplicationFilterChain.java:174)
	at org.apache.catalina.core.ApplicationFilterChain.doFilter(ApplicationFilterChain.java:149)
	at org.springframework.web.filter.RequestContextFilter.doFilterInternal(RequestContextFilter.java:100)
	at org.springframework.web.filter.OncePerRequestFilter.doFilter(OncePerRequestFilter.java:116)
	at org.apache.catalina.core.ApplicationFilterChain.internalDoFilter(ApplicationFilterChain.java:174)
	at org.apache.catalina.core.ApplicationFilterChain.doFilter(ApplicationFilterChain.java:149)
	at org.springframework.web.filter.FormContentFilter.doFilterInternal(FormContentFilter.java:93)
	at org.springframework.web.filter.OncePerRequestFilter.doFilter(OncePerRequestFilter.java:116)
	at org.apache.catalina.core.ApplicationFilterChain.internalDoFilter(ApplicationFilterChain.java:174)
	at org.apache.catalina.core.ApplicationFilterChain.doFilter(ApplicationFilterChain.java:149)
	at org.springframework.web.filter.CharacterEncodingFilter.doFilterInternal(CharacterEncodingFilter.java:201)
	at org.springframework.web.filter.OncePerRequestFilter.doFilter(OncePerRequestFilter.java:116)
	at org.apache.catalina.core.ApplicationFilterChain.internalDoFilter(ApplicationFilterChain.java:174)
	at org.apache.catalina.core.ApplicationFilterChain.doFilter(ApplicationFilterChain.java:149)
	at org.apache.catalina.core.StandardWrapperValve.invoke(StandardWrapperValve.java:166)
	at org.apache.catalina.core.StandardContextValve.invoke(StandardContextValve.java:90)
	at org.apache.catalina.authenticator.AuthenticatorBase.invoke(AuthenticatorBase.java:493)
	at org.apache.catalina.core.StandardHostValve.invoke(StandardHostValve.java:115)
	at org.apache.catalina.valves.ErrorReportValve.invoke(ErrorReportValve.java:93)
	at org.apache.catalina.core.StandardEngineValve.invoke(StandardEngineValve.java:74)
	at org.apache.catalina.connector.CoyoteAdapter.service(CoyoteAdapter.java:341)
	at org.apache.coyote.http11.Http11Processor.service(Http11Processor.java:390)
	at org.apache.coyote.AbstractProcessorLight.process(AbstractProcessorLight.java:63)
	at org.apache.coyote.AbstractProtocol$ConnectionHandler.process(AbstractProtocol.java:894)
	at org.apache.tomcat.util.net.NioEndpoint$SocketProcessor.doRun(NioEndpoint.java:1741)
	at org.apache.tomcat.util.net.SocketProcessorBase.run(SocketProcessorBase.java:52)
	at org.apache.tomcat.util.threads.ThreadPoolExecutor.runWorker(ThreadPoolExecutor.java:1191)
	at org.apache.tomcat.util.threads.ThreadPoolExecutor$Worker.run(ThreadPoolExecutor.java:659)
	at org.apache.tomcat.util.threads.TaskThread$WrappingRunnable.run(TaskThread.java:61)
	at java.base/java.lang.Thread.run(Thread.java:840)
2025-04-14 03:18:03 INFO  [SpringApplicationShutdownHook] o.s.o.j.LocalContainerEntityManagerFactoryBean - Closing JPA EntityManagerFactory for persistence unit 'default'
2025-04-14 03:18:03 INFO  [SpringApplicationShutdownHook] com.zaxxer.hikari.HikariDataSource - HikariPool-1 - Shutdown initiated...
2025-04-14 03:18:03 INFO  [SpringApplicationShutdownHook] com.zaxxer.hikari.HikariDataSource - HikariPool-1 - Shutdown completed.
2025-04-14 03:46:46 INFO  [background-preinit] o.h.validator.internal.util.Version - HV000001: Hibernate Validator 8.0.0.Final
2025-04-14 03:46:46 INFO  [main] c.example.recipes.RecipesApplication - Starting RecipesApplication using Java 17.0.14 with PID 9620 (C:\Users\User\IdeaProjects\recipes\target\classes started by User in C:\Users\User\IdeaProjects\recipes)
2025-04-14 03:46:46 INFO  [main] c.example.recipes.RecipesApplication - No active profile set, falling back to 1 default profile: "default"
2025-04-14 03:46:47 INFO  [main] o.s.d.r.c.RepositoryConfigurationDelegate - Bootstrapping Spring Data JPA repositories in DEFAULT mode.
2025-04-14 03:46:47 INFO  [main] o.s.d.r.c.RepositoryConfigurationDelegate - Finished Spring Data repository scanning in 63 ms. Found 3 JPA repository interfaces.
2025-04-14 03:46:47 INFO  [main] o.s.b.w.e.tomcat.TomcatWebServer - Tomcat initialized with port(s): 8080 (http)
2025-04-14 03:46:47 INFO  [main] o.a.coyote.http11.Http11NioProtocol - Initializing ProtocolHandler ["http-nio-8080"]
2025-04-14 03:46:47 INFO  [main] o.a.catalina.core.StandardService - Starting service [Tomcat]
2025-04-14 03:46:47 INFO  [main] o.a.catalina.core.StandardEngine - Starting Servlet engine: [Apache Tomcat/10.1.7]
2025-04-14 03:46:48 INFO  [main] o.a.c.c.C.[Tomcat].[localhost].[/] - Initializing Spring embedded WebApplicationContext
2025-04-14 03:46:48 INFO  [main] o.s.b.w.s.c.ServletWebServerApplicationContext - Root WebApplicationContext: initialization completed in 1380 ms
2025-04-14 03:46:48 INFO  [main] o.h.jpa.internal.util.LogHelper - HHH000204: Processing PersistenceUnitInfo [name: default]
2025-04-14 03:46:48 INFO  [main] org.hibernate.Version - HHH000412: Hibernate ORM core version 6.1.7.Final
2025-04-14 03:46:48 INFO  [main] com.zaxxer.hikari.HikariDataSource - HikariPool-1 - Starting...
2025-04-14 03:46:48 INFO  [main] com.zaxxer.hikari.pool.HikariPool - HikariPool-1 - Added connection org.postgresql.jdbc.PgConnection@6aa6c17
2025-04-14 03:46:48 INFO  [main] com.zaxxer.hikari.HikariDataSource - HikariPool-1 - Start completed.
2025-04-14 03:46:48 INFO  [main] SQL dialect - HHH000400: Using dialect: org.hibernate.dialect.PostgreSQLDialect
2025-04-14 03:46:49 INFO  [main] o.h.e.t.j.p.i.JtaPlatformInitiator - HHH000490: Using JtaPlatform implementation: [org.hibernate.engine.transaction.jta.platform.internal.NoJtaPlatform]
2025-04-14 03:46:49 INFO  [main] o.s.o.j.LocalContainerEntityManagerFactoryBean - Initialized JPA EntityManagerFactory for persistence unit 'default'
2025-04-14 03:46:51 INFO  [main] o.a.coyote.http11.Http11NioProtocol - Starting ProtocolHandler ["http-nio-8080"]
2025-04-14 03:46:51 INFO  [main] o.s.b.w.e.tomcat.TomcatWebServer - Tomcat started on port(s): 8080 (http) with context path ''
2025-04-14 03:46:51 INFO  [main] c.example.recipes.RecipesApplication - Started RecipesApplication in 4.859 seconds (process running for 5.274)
2025-04-14 03:47:14 INFO  [http-nio-8080-exec-1] o.a.c.c.C.[Tomcat].[localhost].[/] - Initializing Spring DispatcherServlet 'dispatcherServlet'
2025-04-14 03:47:14 INFO  [http-nio-8080-exec-1] o.s.web.servlet.DispatcherServlet - Initializing Servlet 'dispatcherServlet'
2025-04-14 03:47:14 INFO  [http-nio-8080-exec-1] o.s.web.servlet.DispatcherServlet - Completed initialization in 2 ms
2025-04-14 03:47:14 INFO  [http-nio-8080-exec-1] c.e.recipes.aspect.LoggingAspect - Method called: RecipeService.createRecipe(..)
2025-04-14 03:47:14 INFO  [http-nio-8080-exec-1] c.example.recipes.config.CacheConfig - Current cache keys: []
2025-04-14 03:47:14 INFO  [http-nio-8080-exec-1] c.e.recipes.service.RecipeService - Current cache keys before clearing: []
2025-04-14 03:47:14 WARN  [http-nio-8080-exec-1] c.example.recipes.config.CacheConfig - Cache entry with key all_recipes not found
2025-04-14 03:47:14 INFO  [http-nio-8080-exec-1] c.example.recipes.config.CacheConfig - Evicted 0 entries by pattern: recipes_*
2025-04-14 03:47:14 INFO  [http-nio-8080-exec-1] c.example.recipes.config.CacheConfig - Evicted 0 entries by pattern: recipe_*
2025-04-14 03:47:14 INFO  [http-nio-8080-exec-1] c.e.recipes.service.RecipeService - Cache cleared for patterns: recipes_* and recipe_*
2025-04-14 03:47:14 INFO  [http-nio-8080-exec-1] c.e.recipes.aspect.LoggingAspect - Method called: RecipeService.createRecipe(..)
2025-04-14 03:47:14 INFO  [http-nio-8080-exec-1] c.example.recipes.config.CacheConfig - Current cache keys: []
2025-04-14 03:47:14 INFO  [http-nio-8080-exec-1] c.e.recipes.service.RecipeService - Current cache keys before clearing: []
2025-04-14 03:47:14 WARN  [http-nio-8080-exec-1] c.example.recipes.config.CacheConfig - Cache entry with key all_recipes not found
2025-04-14 03:47:14 INFO  [http-nio-8080-exec-1] c.example.recipes.config.CacheConfig - Evicted 0 entries by pattern: recipes_*
2025-04-14 03:47:14 INFO  [http-nio-8080-exec-1] c.example.recipes.config.CacheConfig - Evicted 0 entries by pattern: recipe_*
2025-04-14 03:47:14 INFO  [http-nio-8080-exec-1] c.e.recipes.service.RecipeService - Cache cleared for patterns: recipes_* and recipe_*
2025-04-14 03:47:14 INFO  [http-nio-8080-exec-1] c.e.recipes.aspect.LoggingAspect - Method called: RecipeService.createRecipe(..)
2025-04-14 03:47:14 INFO  [http-nio-8080-exec-1] c.example.recipes.config.CacheConfig - Current cache keys: []
2025-04-14 03:47:14 INFO  [http-nio-8080-exec-1] c.e.recipes.service.RecipeService - Current cache keys before clearing: []
2025-04-14 03:47:14 WARN  [http-nio-8080-exec-1] c.example.recipes.config.CacheConfig - Cache entry with key all_recipes not found
2025-04-14 03:47:14 INFO  [http-nio-8080-exec-1] c.example.recipes.config.CacheConfig - Evicted 0 entries by pattern: recipes_*
2025-04-14 03:47:14 INFO  [http-nio-8080-exec-1] c.example.recipes.config.CacheConfig - Evicted 0 entries by pattern: recipe_*
2025-04-14 03:47:14 INFO  [http-nio-8080-exec-1] c.e.recipes.service.RecipeService - Cache cleared for patterns: recipes_* and recipe_*
2025-04-14 03:47:39 INFO  [SpringApplicationShutdownHook] o.s.o.j.LocalContainerEntityManagerFactoryBean - Closing JPA EntityManagerFactory for persistence unit 'default'
2025-04-14 03:47:39 INFO  [SpringApplicationShutdownHook] com.zaxxer.hikari.HikariDataSource - HikariPool-1 - Shutdown initiated...
2025-04-14 03:47:39 INFO  [SpringApplicationShutdownHook] com.zaxxer.hikari.HikariDataSource - HikariPool-1 - Shutdown completed.
2025-04-14 04:56:47 INFO  [background-preinit] o.h.validator.internal.util.Version - HV000001: Hibernate Validator 8.0.0.Final
2025-04-14 04:56:48 INFO  [main] c.example.recipes.RecipesApplication - Starting RecipesApplication using Java 17.0.14 with PID 12932 (C:\Users\User\IdeaProjects\recipes\target\classes started by User in C:\Users\User\IdeaProjects\recipes)
2025-04-14 04:56:48 INFO  [main] c.example.recipes.RecipesApplication - No active profile set, falling back to 1 default profile: "default"
2025-04-14 04:56:49 INFO  [main] o.s.d.r.c.RepositoryConfigurationDelegate - Bootstrapping Spring Data JPA repositories in DEFAULT mode.
2025-04-14 04:56:49 INFO  [main] o.s.d.r.c.RepositoryConfigurationDelegate - Finished Spring Data repository scanning in 106 ms. Found 3 JPA repository interfaces.
2025-04-14 04:56:51 INFO  [main] o.s.b.w.e.tomcat.TomcatWebServer - Tomcat initialized with port(s): 8080 (http)
2025-04-14 04:56:51 INFO  [main] o.a.coyote.http11.Http11NioProtocol - Initializing ProtocolHandler ["http-nio-8080"]
2025-04-14 04:56:51 INFO  [main] o.a.catalina.core.StandardService - Starting service [Tomcat]
2025-04-14 04:56:51 INFO  [main] o.a.catalina.core.StandardEngine - Starting Servlet engine: [Apache Tomcat/10.1.7]
2025-04-14 04:56:51 INFO  [main] o.a.c.c.C.[Tomcat].[localhost].[/] - Initializing Spring embedded WebApplicationContext
2025-04-14 04:56:51 INFO  [main] o.s.b.w.s.c.ServletWebServerApplicationContext - Root WebApplicationContext: initialization completed in 3190 ms
2025-04-14 04:56:51 INFO  [main] o.h.jpa.internal.util.LogHelper - HHH000204: Processing PersistenceUnitInfo [name: default]
2025-04-14 04:56:51 INFO  [main] org.hibernate.Version - HHH000412: Hibernate ORM core version 6.1.7.Final
2025-04-14 04:56:52 INFO  [main] com.zaxxer.hikari.HikariDataSource - HikariPool-1 - Starting...
2025-04-14 04:56:52 INFO  [main] com.zaxxer.hikari.pool.HikariPool - HikariPool-1 - Added connection org.postgresql.jdbc.PgConnection@206d5c05
2025-04-14 04:56:52 INFO  [main] com.zaxxer.hikari.HikariDataSource - HikariPool-1 - Start completed.
2025-04-14 04:56:52 INFO  [main] SQL dialect - HHH000400: Using dialect: org.hibernate.dialect.PostgreSQLDialect
2025-04-14 04:56:54 INFO  [main] o.h.e.t.j.p.i.JtaPlatformInitiator - HHH000490: Using JtaPlatform implementation: [org.hibernate.engine.transaction.jta.platform.internal.NoJtaPlatform]
2025-04-14 04:56:54 INFO  [main] o.s.o.j.LocalContainerEntityManagerFactoryBean - Initialized JPA EntityManagerFactory for persistence unit 'default'
2025-04-14 04:56:58 INFO  [main] o.a.coyote.http11.Http11NioProtocol - Starting ProtocolHandler ["http-nio-8080"]
2025-04-14 04:56:58 INFO  [main] o.s.b.w.e.tomcat.TomcatWebServer - Tomcat started on port(s): 8080 (http) with context path ''
2025-04-14 04:56:58 INFO  [main] c.example.recipes.RecipesApplication - Started RecipesApplication in 11.681 seconds (process running for 12.657)
2025-04-14 04:57:18 INFO  [SpringApplicationShutdownHook] o.s.o.j.LocalContainerEntityManagerFactoryBean - Closing JPA EntityManagerFactory for persistence unit 'default'
2025-04-14 04:57:18 INFO  [SpringApplicationShutdownHook] com.zaxxer.hikari.HikariDataSource - HikariPool-1 - Shutdown initiated...
2025-04-14 04:57:18 INFO  [SpringApplicationShutdownHook] com.zaxxer.hikari.HikariDataSource - HikariPool-1 - Shutdown completed.
2025-04-14 05:52:13 INFO  [background-preinit] o.h.validator.internal.util.Version - HV000001: Hibernate Validator 8.0.0.Final
2025-04-14 05:52:13 INFO  [main] c.example.recipes.RecipesApplication - Starting RecipesApplication using Java 17.0.14 with PID 5456 (C:\Users\User\IdeaProjects\recipes\target\classes started by User in C:\Users\User\IdeaProjects\recipes)
2025-04-14 05:52:13 INFO  [main] c.example.recipes.RecipesApplication - No active profile set, falling back to 1 default profile: "default"
2025-04-14 05:52:14 INFO  [main] o.s.d.r.c.RepositoryConfigurationDelegate - Bootstrapping Spring Data JPA repositories in DEFAULT mode.
2025-04-14 05:52:14 INFO  [main] o.s.d.r.c.RepositoryConfigurationDelegate - Finished Spring Data repository scanning in 89 ms. Found 3 JPA repository interfaces.
2025-04-14 05:52:15 INFO  [main] o.s.b.w.e.tomcat.TomcatWebServer - Tomcat initialized with port(s): 8080 (http)
2025-04-14 05:52:15 INFO  [main] o.a.coyote.http11.Http11NioProtocol - Initializing ProtocolHandler ["http-nio-8080"]
2025-04-14 05:52:15 INFO  [main] o.a.catalina.core.StandardService - Starting service [Tomcat]
2025-04-14 05:52:15 INFO  [main] o.a.catalina.core.StandardEngine - Starting Servlet engine: [Apache Tomcat/10.1.7]
2025-04-14 05:52:15 INFO  [main] o.a.c.c.C.[Tomcat].[localhost].[/] - Initializing Spring embedded WebApplicationContext
2025-04-14 05:52:15 INFO  [main] o.s.b.w.s.c.ServletWebServerApplicationContext - Root WebApplicationContext: initialization completed in 1947 ms
2025-04-14 05:52:15 INFO  [main] o.h.jpa.internal.util.LogHelper - HHH000204: Processing PersistenceUnitInfo [name: default]
2025-04-14 05:52:15 INFO  [main] org.hibernate.Version - HHH000412: Hibernate ORM core version 6.1.7.Final
2025-04-14 05:52:15 INFO  [main] com.zaxxer.hikari.HikariDataSource - HikariPool-1 - Starting...
2025-04-14 05:52:15 INFO  [main] com.zaxxer.hikari.pool.HikariPool - HikariPool-1 - Added connection org.postgresql.jdbc.PgConnection@6e948f1c
2025-04-14 05:52:15 INFO  [main] com.zaxxer.hikari.HikariDataSource - HikariPool-1 - Start completed.
2025-04-14 05:52:15 INFO  [main] SQL dialect - HHH000400: Using dialect: org.hibernate.dialect.PostgreSQLDialect
2025-04-14 05:52:16 INFO  [main] o.h.e.t.j.p.i.JtaPlatformInitiator - HHH000490: Using JtaPlatform implementation: [org.hibernate.engine.transaction.jta.platform.internal.NoJtaPlatform]
2025-04-14 05:52:16 INFO  [main] o.s.o.j.LocalContainerEntityManagerFactoryBean - Initialized JPA EntityManagerFactory for persistence unit 'default'
2025-04-14 05:52:18 INFO  [main] o.a.coyote.http11.Http11NioProtocol - Starting ProtocolHandler ["http-nio-8080"]
2025-04-14 05:52:18 INFO  [main] o.s.b.w.e.tomcat.TomcatWebServer - Tomcat started on port(s): 8080 (http) with context path ''
2025-04-14 05:52:18 INFO  [main] c.example.recipes.RecipesApplication - Started RecipesApplication in 6.339 seconds (process running for 6.983)
2025-04-14 05:52:37 INFO  [http-nio-8080-exec-1] o.a.c.c.C.[Tomcat].[localhost].[/] - Initializing Spring DispatcherServlet 'dispatcherServlet'
2025-04-14 05:52:37 INFO  [http-nio-8080-exec-1] o.s.web.servlet.DispatcherServlet - Initializing Servlet 'dispatcherServlet'
2025-04-14 05:52:37 INFO  [http-nio-8080-exec-1] o.s.web.servlet.DispatcherServlet - Completed initialization in 2 ms
2025-04-14 05:52:37 INFO  [http-nio-8080-exec-1] c.e.recipes.aspect.LoggingAspect - Method called: RecipeService.createRecipe(..)
2025-04-14 05:52:37 INFO  [http-nio-8080-exec-1] c.example.recipes.config.CacheConfig - Current cache keys: []
2025-04-14 05:52:37 INFO  [http-nio-8080-exec-1] c.e.recipes.service.RecipeService - Current cache keys before clearing: []
2025-04-14 05:52:37 WARN  [http-nio-8080-exec-1] c.example.recipes.config.CacheConfig - Cache entry with key all_recipes not found
2025-04-14 05:52:37 INFO  [http-nio-8080-exec-1] c.example.recipes.config.CacheConfig - Evicted 0 entries by pattern: recipes_*
2025-04-14 05:52:37 INFO  [http-nio-8080-exec-1] c.example.recipes.config.CacheConfig - Evicted 0 entries by pattern: recipe_*
2025-04-14 05:52:37 INFO  [http-nio-8080-exec-1] c.e.recipes.service.RecipeService - Cache cleared for patterns: recipes_* and recipe_*
2025-04-14 05:52:37 INFO  [http-nio-8080-exec-1] c.e.recipes.aspect.LoggingAspect - Method called: RecipeService.createRecipe(..)
2025-04-14 05:52:37 INFO  [http-nio-8080-exec-1] c.example.recipes.config.CacheConfig - Current cache keys: []
2025-04-14 05:52:37 INFO  [http-nio-8080-exec-1] c.e.recipes.service.RecipeService - Current cache keys before clearing: []
2025-04-14 05:52:37 WARN  [http-nio-8080-exec-1] c.example.recipes.config.CacheConfig - Cache entry with key all_recipes not found
2025-04-14 05:52:37 INFO  [http-nio-8080-exec-1] c.example.recipes.config.CacheConfig - Evicted 0 entries by pattern: recipes_*
2025-04-14 05:52:37 INFO  [http-nio-8080-exec-1] c.example.recipes.config.CacheConfig - Evicted 0 entries by pattern: recipe_*
2025-04-14 05:52:37 INFO  [http-nio-8080-exec-1] c.e.recipes.service.RecipeService - Cache cleared for patterns: recipes_* and recipe_*
2025-04-14 05:52:37 INFO  [http-nio-8080-exec-1] c.e.recipes.aspect.LoggingAspect - Method called: RecipeService.createRecipe(..)
2025-04-14 05:52:37 INFO  [http-nio-8080-exec-1] c.example.recipes.config.CacheConfig - Current cache keys: []
2025-04-14 05:52:37 INFO  [http-nio-8080-exec-1] c.e.recipes.service.RecipeService - Current cache keys before clearing: []
2025-04-14 05:52:37 WARN  [http-nio-8080-exec-1] c.example.recipes.config.CacheConfig - Cache entry with key all_recipes not found
2025-04-14 05:52:37 INFO  [http-nio-8080-exec-1] c.example.recipes.config.CacheConfig - Evicted 0 entries by pattern: recipes_*
2025-04-14 05:52:37 INFO  [http-nio-8080-exec-1] c.example.recipes.config.CacheConfig - Evicted 0 entries by pattern: recipe_*
2025-04-14 05:52:37 INFO  [http-nio-8080-exec-1] c.e.recipes.service.RecipeService - Cache cleared for patterns: recipes_* and recipe_*
2025-04-14 05:52:41 INFO  [http-nio-8080-exec-3] c.e.recipes.aspect.LoggingAspect - Method called: RecipeService.createRecipe(..)
2025-04-14 05:52:41 INFO  [http-nio-8080-exec-3] c.example.recipes.config.CacheConfig - Current cache keys: []
2025-04-14 05:52:41 INFO  [http-nio-8080-exec-3] c.e.recipes.service.RecipeService - Current cache keys before clearing: []
2025-04-14 05:52:41 WARN  [http-nio-8080-exec-3] c.example.recipes.config.CacheConfig - Cache entry with key all_recipes not found
2025-04-14 05:52:41 INFO  [http-nio-8080-exec-3] c.example.recipes.config.CacheConfig - Evicted 0 entries by pattern: recipes_*
2025-04-14 05:52:41 INFO  [http-nio-8080-exec-3] c.example.recipes.config.CacheConfig - Evicted 0 entries by pattern: recipe_*
2025-04-14 05:52:41 INFO  [http-nio-8080-exec-3] c.e.recipes.service.RecipeService - Cache cleared for patterns: recipes_* and recipe_*
2025-04-14 05:52:41 INFO  [http-nio-8080-exec-3] c.e.recipes.aspect.LoggingAspect - Method called: RecipeService.createRecipe(..)
2025-04-14 05:52:42 INFO  [http-nio-8080-exec-3] c.example.recipes.config.CacheConfig - Current cache keys: []
2025-04-14 05:52:42 INFO  [http-nio-8080-exec-3] c.e.recipes.service.RecipeService - Current cache keys before clearing: []
2025-04-14 05:52:42 WARN  [http-nio-8080-exec-3] c.example.recipes.config.CacheConfig - Cache entry with key all_recipes not found
2025-04-14 05:52:42 INFO  [http-nio-8080-exec-3] c.example.recipes.config.CacheConfig - Evicted 0 entries by pattern: recipes_*
2025-04-14 05:52:42 INFO  [http-nio-8080-exec-3] c.example.recipes.config.CacheConfig - Evicted 0 entries by pattern: recipe_*
2025-04-14 05:52:42 INFO  [http-nio-8080-exec-3] c.e.recipes.service.RecipeService - Cache cleared for patterns: recipes_* and recipe_*
2025-04-14 05:52:42 INFO  [http-nio-8080-exec-3] c.e.recipes.aspect.LoggingAspect - Method called: RecipeService.createRecipe(..)
2025-04-14 05:52:42 INFO  [http-nio-8080-exec-3] c.example.recipes.config.CacheConfig - Current cache keys: []
2025-04-14 05:52:42 INFO  [http-nio-8080-exec-3] c.e.recipes.service.RecipeService - Current cache keys before clearing: []
2025-04-14 05:52:42 WARN  [http-nio-8080-exec-3] c.example.recipes.config.CacheConfig - Cache entry with key all_recipes not found
2025-04-14 05:52:42 INFO  [http-nio-8080-exec-3] c.example.recipes.config.CacheConfig - Evicted 0 entries by pattern: recipes_*
2025-04-14 05:52:42 INFO  [http-nio-8080-exec-3] c.example.recipes.config.CacheConfig - Evicted 0 entries by pattern: recipe_*
2025-04-14 05:52:42 INFO  [http-nio-8080-exec-3] c.e.recipes.service.RecipeService - Cache cleared for patterns: recipes_* and recipe_*
2025-04-14 05:52:48 INFO  [http-nio-8080-exec-4] c.e.recipes.aspect.LoggingAspect - Method called: RecipeService.createRecipe(..)
2025-04-14 05:52:48 INFO  [http-nio-8080-exec-4] c.example.recipes.config.CacheConfig - Current cache keys: []
2025-04-14 05:52:48 INFO  [http-nio-8080-exec-4] c.e.recipes.service.RecipeService - Current cache keys before clearing: []
2025-04-14 05:52:48 WARN  [http-nio-8080-exec-4] c.example.recipes.config.CacheConfig - Cache entry with key all_recipes not found
2025-04-14 05:52:48 INFO  [http-nio-8080-exec-4] c.example.recipes.config.CacheConfig - Evicted 0 entries by pattern: recipes_*
2025-04-14 05:52:48 INFO  [http-nio-8080-exec-4] c.example.recipes.config.CacheConfig - Evicted 0 entries by pattern: recipe_*
2025-04-14 05:52:48 INFO  [http-nio-8080-exec-4] c.e.recipes.service.RecipeService - Cache cleared for patterns: recipes_* and recipe_*
2025-04-14 05:52:48 INFO  [http-nio-8080-exec-4] c.e.recipes.aspect.LoggingAspect - Method called: RecipeService.createRecipe(..)
2025-04-14 05:52:48 INFO  [http-nio-8080-exec-4] c.example.recipes.config.CacheConfig - Current cache keys: []
2025-04-14 05:52:48 INFO  [http-nio-8080-exec-4] c.e.recipes.service.RecipeService - Current cache keys before clearing: []
2025-04-14 05:52:48 WARN  [http-nio-8080-exec-4] c.example.recipes.config.CacheConfig - Cache entry with key all_recipes not found
2025-04-14 05:52:48 INFO  [http-nio-8080-exec-4] c.example.recipes.config.CacheConfig - Evicted 0 entries by pattern: recipes_*
2025-04-14 05:52:48 INFO  [http-nio-8080-exec-4] c.example.recipes.config.CacheConfig - Evicted 0 entries by pattern: recipe_*
2025-04-14 05:52:48 INFO  [http-nio-8080-exec-4] c.e.recipes.service.RecipeService - Cache cleared for patterns: recipes_* and recipe_*
2025-04-14 05:52:48 INFO  [http-nio-8080-exec-4] c.e.recipes.aspect.LoggingAspect - Method called: RecipeService.createRecipe(..)
2025-04-14 05:52:48 INFO  [http-nio-8080-exec-4] c.example.recipes.config.CacheConfig - Current cache keys: []
2025-04-14 05:52:48 INFO  [http-nio-8080-exec-4] c.e.recipes.service.RecipeService - Current cache keys before clearing: []
2025-04-14 05:52:48 WARN  [http-nio-8080-exec-4] c.example.recipes.config.CacheConfig - Cache entry with key all_recipes not found
2025-04-14 05:52:48 INFO  [http-nio-8080-exec-4] c.example.recipes.config.CacheConfig - Evicted 0 entries by pattern: recipes_*
2025-04-14 05:52:48 INFO  [http-nio-8080-exec-4] c.example.recipes.config.CacheConfig - Evicted 0 entries by pattern: recipe_*
2025-04-14 05:52:48 INFO  [http-nio-8080-exec-4] c.e.recipes.service.RecipeService - Cache cleared for patterns: recipes_* and recipe_*
2025-04-14 05:53:24 INFO  [SpringApplicationShutdownHook] o.s.o.j.LocalContainerEntityManagerFactoryBean - Closing JPA EntityManagerFactory for persistence unit 'default'
2025-04-14 05:53:24 INFO  [SpringApplicationShutdownHook] com.zaxxer.hikari.HikariDataSource - HikariPool-1 - Shutdown initiated...
2025-04-14 05:53:25 INFO  [SpringApplicationShutdownHook] com.zaxxer.hikari.HikariDataSource - HikariPool-1 - Shutdown completed.
2025-04-14 18:01:06 INFO  [background-preinit] o.h.validator.internal.util.Version - HV000001: Hibernate Validator 8.0.0.Final
2025-04-14 18:01:06 INFO  [main] c.example.recipes.RecipesApplication - Starting RecipesApplication using Java 17.0.14 with PID 15176 (C:\Users\User\IdeaProjects\recipes\target\classes started by User in C:\Users\User\IdeaProjects\recipes)
2025-04-14 18:01:06 INFO  [main] c.example.recipes.RecipesApplication - No active profile set, falling back to 1 default profile: "default"
2025-04-14 18:01:07 INFO  [main] o.s.d.r.c.RepositoryConfigurationDelegate - Bootstrapping Spring Data JPA repositories in DEFAULT mode.
2025-04-14 18:01:07 INFO  [main] o.s.d.r.c.RepositoryConfigurationDelegate - Finished Spring Data repository scanning in 118 ms. Found 3 JPA repository interfaces.
2025-04-14 18:01:09 INFO  [main] o.s.b.w.e.tomcat.TomcatWebServer - Tomcat initialized with port(s): 8080 (http)
2025-04-14 18:01:09 INFO  [main] o.a.coyote.http11.Http11NioProtocol - Initializing ProtocolHandler ["http-nio-8080"]
2025-04-14 18:01:09 INFO  [main] o.a.catalina.core.StandardService - Starting service [Tomcat]
2025-04-14 18:01:09 INFO  [main] o.a.catalina.core.StandardEngine - Starting Servlet engine: [Apache Tomcat/10.1.7]
2025-04-14 18:01:09 INFO  [main] o.a.c.c.C.[Tomcat].[localhost].[/] - Initializing Spring embedded WebApplicationContext
2025-04-14 18:01:09 INFO  [main] o.s.b.w.s.c.ServletWebServerApplicationContext - Root WebApplicationContext: initialization completed in 2895 ms
2025-04-14 18:01:09 INFO  [main] o.h.jpa.internal.util.LogHelper - HHH000204: Processing PersistenceUnitInfo [name: default]
2025-04-14 18:01:09 INFO  [main] org.hibernate.Version - HHH000412: Hibernate ORM core version 6.1.7.Final
2025-04-14 18:01:09 INFO  [main] com.zaxxer.hikari.HikariDataSource - HikariPool-1 - Starting...
2025-04-14 18:01:10 INFO  [main] com.zaxxer.hikari.pool.HikariPool - HikariPool-1 - Added connection org.postgresql.jdbc.PgConnection@3b0ed98a
2025-04-14 18:01:10 INFO  [main] com.zaxxer.hikari.HikariDataSource - HikariPool-1 - Start completed.
2025-04-14 18:01:10 INFO  [main] SQL dialect - HHH000400: Using dialect: org.hibernate.dialect.PostgreSQLDialect
2025-04-14 18:01:11 INFO  [main] o.h.e.t.j.p.i.JtaPlatformInitiator - HHH000490: Using JtaPlatform implementation: [org.hibernate.engine.transaction.jta.platform.internal.NoJtaPlatform]
2025-04-14 18:01:11 INFO  [main] o.s.o.j.LocalContainerEntityManagerFactoryBean - Initialized JPA EntityManagerFactory for persistence unit 'default'
2025-04-14 18:01:12 WARN  [main] o.s.b.w.s.c.AnnotationConfigServletWebServerApplicationContext - Exception encountered during context initialization - cancelling refresh attempt: org.springframework.beans.factory.UnsatisfiedDependencyException: Error creating bean with name 'logController' defined in file [C:\Users\User\IdeaProjects\recipes\target\classes\com\example\recipes\controller\LogController.class]: Unsatisfied dependency expressed through constructor parameter 0: Error creating bean with name 'logService' defined in file [C:\Users\User\IdeaProjects\recipes\target\classes\com\example\recipes\service\LogService.class]: Unsatisfied dependency expressed through constructor parameter 0: No qualifying bean of type 'java.lang.String' available: expected at least 1 bean which qualifies as autowire candidate. Dependency annotations: {}
2025-04-14 18:01:12 INFO  [main] o.s.o.j.LocalContainerEntityManagerFactoryBean - Closing JPA EntityManagerFactory for persistence unit 'default'
2025-04-14 18:01:12 INFO  [main] com.zaxxer.hikari.HikariDataSource - HikariPool-1 - Shutdown initiated...
2025-04-14 18:01:12 INFO  [main] com.zaxxer.hikari.HikariDataSource - HikariPool-1 - Shutdown completed.
2025-04-14 18:01:12 INFO  [main] o.a.catalina.core.StandardService - Stopping service [Tomcat]
2025-04-14 18:01:12 INFO  [main] o.s.b.a.l.ConditionEvaluationReportLogger - 

Error starting ApplicationContext. To display the condition evaluation report re-run your application with 'debug' enabled.
2025-04-14 18:01:12 ERROR [main] o.s.b.d.LoggingFailureAnalysisReporter - 

***************************
APPLICATION FAILED TO START
***************************

Description:

Parameter 0 of constructor in com.example.recipes.service.LogService required a bean of type 'java.lang.String' that could not be found.


Action:

Consider defining a bean of type 'java.lang.String' in your configuration.

2025-04-14 18:06:41 INFO  [background-preinit] o.h.validator.internal.util.Version - HV000001: Hibernate Validator 8.0.0.Final
2025-04-14 18:06:41 INFO  [main] c.example.recipes.RecipesApplication - Starting RecipesApplication using Java 17.0.14 with PID 13024 (C:\Users\User\IdeaProjects\recipes\target\classes started by User in C:\Users\User\IdeaProjects\recipes)
2025-04-14 18:06:41 INFO  [main] c.example.recipes.RecipesApplication - No active profile set, falling back to 1 default profile: "default"
2025-04-14 18:06:42 INFO  [main] o.s.d.r.c.RepositoryConfigurationDelegate - Bootstrapping Spring Data JPA repositories in DEFAULT mode.
2025-04-14 18:06:42 INFO  [main] o.s.d.r.c.RepositoryConfigurationDelegate - Finished Spring Data repository scanning in 66 ms. Found 3 JPA repository interfaces.
2025-04-14 18:06:43 INFO  [main] o.s.b.w.e.tomcat.TomcatWebServer - Tomcat initialized with port(s): 8080 (http)
2025-04-14 18:06:43 INFO  [main] o.a.coyote.http11.Http11NioProtocol - Initializing ProtocolHandler ["http-nio-8080"]
2025-04-14 18:06:43 INFO  [main] o.a.catalina.core.StandardService - Starting service [Tomcat]
2025-04-14 18:06:43 INFO  [main] o.a.catalina.core.StandardEngine - Starting Servlet engine: [Apache Tomcat/10.1.7]
2025-04-14 18:06:43 INFO  [main] o.a.c.c.C.[Tomcat].[localhost].[/] - Initializing Spring embedded WebApplicationContext
2025-04-14 18:06:43 INFO  [main] o.s.b.w.s.c.ServletWebServerApplicationContext - Root WebApplicationContext: initialization completed in 1879 ms
2025-04-14 18:06:43 INFO  [main] o.h.jpa.internal.util.LogHelper - HHH000204: Processing PersistenceUnitInfo [name: default]
2025-04-14 18:06:43 INFO  [main] org.hibernate.Version - HHH000412: Hibernate ORM core version 6.1.7.Final
2025-04-14 18:06:44 INFO  [main] com.zaxxer.hikari.HikariDataSource - HikariPool-1 - Starting...
2025-04-14 18:06:44 INFO  [main] com.zaxxer.hikari.pool.HikariPool - HikariPool-1 - Added connection org.postgresql.jdbc.PgConnection@68b3248a
2025-04-14 18:06:44 INFO  [main] com.zaxxer.hikari.HikariDataSource - HikariPool-1 - Start completed.
2025-04-14 18:06:44 INFO  [main] SQL dialect - HHH000400: Using dialect: org.hibernate.dialect.PostgreSQLDialect
2025-04-14 18:06:45 INFO  [main] o.h.e.t.j.p.i.JtaPlatformInitiator - HHH000490: Using JtaPlatform implementation: [org.hibernate.engine.transaction.jta.platform.internal.NoJtaPlatform]
2025-04-14 18:06:45 INFO  [main] o.s.o.j.LocalContainerEntityManagerFactoryBean - Initialized JPA EntityManagerFactory for persistence unit 'default'
2025-04-14 18:06:46 WARN  [main] o.s.b.w.s.c.AnnotationConfigServletWebServerApplicationContext - Exception encountered during context initialization - cancelling refresh attempt: org.springframework.beans.factory.UnsatisfiedDependencyException: Error creating bean with name 'logController' defined in file [C:\Users\User\IdeaProjects\recipes\target\classes\com\example\recipes\controller\LogController.class]: Unsatisfied dependency expressed through constructor parameter 0: Error creating bean with name 'logService' defined in file [C:\Users\User\IdeaProjects\recipes\target\classes\com\example\recipes\service\LogService.class]: Unexpected exception during bean creation
2025-04-14 18:06:46 INFO  [main] o.s.o.j.LocalContainerEntityManagerFactoryBean - Closing JPA EntityManagerFactory for persistence unit 'default'
2025-04-14 18:06:46 INFO  [main] com.zaxxer.hikari.HikariDataSource - HikariPool-1 - Shutdown initiated...
2025-04-14 18:06:46 INFO  [main] com.zaxxer.hikari.HikariDataSource - HikariPool-1 - Shutdown completed.
2025-04-14 18:06:46 INFO  [main] o.a.catalina.core.StandardService - Stopping service [Tomcat]
2025-04-14 18:06:46 INFO  [main] o.s.b.a.l.ConditionEvaluationReportLogger - 

Error starting ApplicationContext. To display the condition evaluation report re-run your application with 'debug' enabled.
2025-04-14 18:06:46 ERROR [main] o.s.boot.SpringApplication - Application run failed
org.springframework.beans.factory.UnsatisfiedDependencyException: Error creating bean with name 'logController' defined in file [C:\Users\User\IdeaProjects\recipes\target\classes\com\example\recipes\controller\LogController.class]: Unsatisfied dependency expressed through constructor parameter 0: Error creating bean with name 'logService' defined in file [C:\Users\User\IdeaProjects\recipes\target\classes\com\example\recipes\service\LogService.class]: Unexpected exception during bean creation
	at org.springframework.beans.factory.support.ConstructorResolver.createArgumentArray(ConstructorResolver.java:798)
	at org.springframework.beans.factory.support.ConstructorResolver.autowireConstructor(ConstructorResolver.java:245)
	at org.springframework.beans.factory.support.AbstractAutowireCapableBeanFactory.autowireConstructor(AbstractAutowireCapableBeanFactory.java:1352)
	at org.springframework.beans.factory.support.AbstractAutowireCapableBeanFactory.createBeanInstance(AbstractAutowireCapableBeanFactory.java:1189)
	at org.springframework.beans.factory.support.AbstractAutowireCapableBeanFactory.doCreateBean(AbstractAutowireCapableBeanFactory.java:560)
	at org.springframework.beans.factory.support.AbstractAutowireCapableBeanFactory.createBean(AbstractAutowireCapableBeanFactory.java:520)
	at org.springframework.beans.factory.support.AbstractBeanFactory.lambda$doGetBean$0(AbstractBeanFactory.java:326)
	at org.springframework.beans.factory.support.DefaultSingletonBeanRegistry.getSingleton(DefaultSingletonBeanRegistry.java:234)
	at org.springframework.beans.factory.support.AbstractBeanFactory.doGetBean(AbstractBeanFactory.java:324)
	at org.springframework.beans.factory.support.AbstractBeanFactory.getBean(AbstractBeanFactory.java:200)
	at org.springframework.beans.factory.support.DefaultListableBeanFactory.preInstantiateSingletons(DefaultListableBeanFactory.java:973)
	at org.springframework.context.support.AbstractApplicationContext.finishBeanFactoryInitialization(AbstractApplicationContext.java:917)
	at org.springframework.context.support.AbstractApplicationContext.refresh(AbstractApplicationContext.java:584)
	at org.springframework.boot.web.servlet.context.ServletWebServerApplicationContext.refresh(ServletWebServerApplicationContext.java:146)
	at org.springframework.boot.SpringApplication.refresh(SpringApplication.java:732)
	at org.springframework.boot.SpringApplication.refreshContext(SpringApplication.java:434)
	at org.springframework.boot.SpringApplication.run(SpringApplication.java:310)
	at org.springframework.boot.SpringApplication.run(SpringApplication.java:1304)
	at org.springframework.boot.SpringApplication.run(SpringApplication.java:1293)
	at com.example.recipes.RecipesApplication.main(RecipesApplication.java:11)
Caused by: org.springframework.beans.factory.BeanCreationException: Error creating bean with name 'logService' defined in file [C:\Users\User\IdeaProjects\recipes\target\classes\com\example\recipes\service\LogService.class]: Unexpected exception during bean creation
	at org.springframework.beans.factory.support.AbstractAutowireCapableBeanFactory.createBean(AbstractAutowireCapableBeanFactory.java:533)
	at org.springframework.beans.factory.support.AbstractBeanFactory.lambda$doGetBean$0(AbstractBeanFactory.java:326)
	at org.springframework.beans.factory.support.DefaultSingletonBeanRegistry.getSingleton(DefaultSingletonBeanRegistry.java:234)
	at org.springframework.beans.factory.support.AbstractBeanFactory.doGetBean(AbstractBeanFactory.java:324)
	at org.springframework.beans.factory.support.AbstractBeanFactory.getBean(AbstractBeanFactory.java:200)
	at org.springframework.beans.factory.config.DependencyDescriptor.resolveCandidate(DependencyDescriptor.java:254)
	at org.springframework.beans.factory.support.DefaultListableBeanFactory.doResolveDependency(DefaultListableBeanFactory.java:1417)
	at org.springframework.beans.factory.support.DefaultListableBeanFactory.resolveDependency(DefaultListableBeanFactory.java:1337)
	at org.springframework.beans.factory.support.ConstructorResolver.resolveAutowiredArgument(ConstructorResolver.java:885)
	at org.springframework.beans.factory.support.ConstructorResolver.createArgumentArray(ConstructorResolver.java:789)
	... 19 common frames omitted
Caused by: java.lang.IllegalArgumentException: Could not resolve placeholder 'log.directory' in value "${log.directory}"
	at org.springframework.util.PropertyPlaceholderHelper.parseStringValue(PropertyPlaceholderHelper.java:180)
	at org.springframework.util.PropertyPlaceholderHelper.replacePlaceholders(PropertyPlaceholderHelper.java:126)
	at org.springframework.core.env.AbstractPropertyResolver.doResolvePlaceholders(AbstractPropertyResolver.java:239)
	at org.springframework.core.env.AbstractPropertyResolver.resolveRequiredPlaceholders(AbstractPropertyResolver.java:210)
	at org.springframework.context.support.PropertySourcesPlaceholderConfigurer.lambda$processProperties$0(PropertySourcesPlaceholderConfigurer.java:191)
	at org.springframework.beans.factory.support.AbstractBeanFactory.resolveEmbeddedValue(AbstractBeanFactory.java:920)
	at org.springframework.beans.factory.support.DefaultListableBeanFactory.doResolveDependency(DefaultListableBeanFactory.java:1358)
	at org.springframework.beans.factory.support.DefaultListableBeanFactory.resolveDependency(DefaultListableBeanFactory.java:1337)
	at org.springframework.beans.factory.support.ConstructorResolver.resolveAutowiredArgument(ConstructorResolver.java:885)
	at org.springframework.beans.factory.support.ConstructorResolver.createArgumentArray(ConstructorResolver.java:789)
	at org.springframework.beans.factory.support.ConstructorResolver.autowireConstructor(ConstructorResolver.java:245)
	at org.springframework.beans.factory.support.AbstractAutowireCapableBeanFactory.autowireConstructor(AbstractAutowireCapableBeanFactory.java:1352)
	at org.springframework.beans.factory.support.AbstractAutowireCapableBeanFactory.createBeanInstance(AbstractAutowireCapableBeanFactory.java:1189)
	at org.springframework.beans.factory.support.AbstractAutowireCapableBeanFactory.doCreateBean(AbstractAutowireCapableBeanFactory.java:560)
	at org.springframework.beans.factory.support.AbstractAutowireCapableBeanFactory.createBean(AbstractAutowireCapableBeanFactory.java:520)
	... 28 common frames omitted
2025-04-14 18:07:44 INFO  [background-preinit] o.h.validator.internal.util.Version - HV000001: Hibernate Validator 8.0.0.Final
2025-04-14 18:07:44 INFO  [main] c.example.recipes.RecipesApplication - Starting RecipesApplication using Java 17.0.14 with PID 15388 (C:\Users\User\IdeaProjects\recipes\target\classes started by User in C:\Users\User\IdeaProjects\recipes)
2025-04-14 18:07:44 INFO  [main] c.example.recipes.RecipesApplication - No active profile set, falling back to 1 default profile: "default"
2025-04-14 18:07:45 INFO  [main] o.s.d.r.c.RepositoryConfigurationDelegate - Bootstrapping Spring Data JPA repositories in DEFAULT mode.
2025-04-14 18:07:45 INFO  [main] o.s.d.r.c.RepositoryConfigurationDelegate - Finished Spring Data repository scanning in 71 ms. Found 3 JPA repository interfaces.
2025-04-14 18:07:46 INFO  [main] o.s.b.w.e.tomcat.TomcatWebServer - Tomcat initialized with port(s): 8080 (http)
2025-04-14 18:07:46 INFO  [main] o.a.coyote.http11.Http11NioProtocol - Initializing ProtocolHandler ["http-nio-8080"]
2025-04-14 18:07:46 INFO  [main] o.a.catalina.core.StandardService - Starting service [Tomcat]
2025-04-14 18:07:46 INFO  [main] o.a.catalina.core.StandardEngine - Starting Servlet engine: [Apache Tomcat/10.1.7]
2025-04-14 18:07:46 INFO  [main] o.a.c.c.C.[Tomcat].[localhost].[/] - Initializing Spring embedded WebApplicationContext
2025-04-14 18:07:46 INFO  [main] o.s.b.w.s.c.ServletWebServerApplicationContext - Root WebApplicationContext: initialization completed in 2098 ms
2025-04-14 18:07:46 INFO  [main] o.h.jpa.internal.util.LogHelper - HHH000204: Processing PersistenceUnitInfo [name: default]
2025-04-14 18:07:46 INFO  [main] org.hibernate.Version - HHH000412: Hibernate ORM core version 6.1.7.Final
2025-04-14 18:07:47 INFO  [main] com.zaxxer.hikari.HikariDataSource - HikariPool-1 - Starting...
2025-04-14 18:07:47 INFO  [main] com.zaxxer.hikari.pool.HikariPool - HikariPool-1 - Added connection org.postgresql.jdbc.PgConnection@48fc0211
2025-04-14 18:07:47 INFO  [main] com.zaxxer.hikari.HikariDataSource - HikariPool-1 - Start completed.
2025-04-14 18:07:47 INFO  [main] SQL dialect - HHH000400: Using dialect: org.hibernate.dialect.PostgreSQLDialect
2025-04-14 18:07:48 INFO  [main] o.h.e.t.j.p.i.JtaPlatformInitiator - HHH000490: Using JtaPlatform implementation: [org.hibernate.engine.transaction.jta.platform.internal.NoJtaPlatform]
2025-04-14 18:07:48 INFO  [main] o.s.o.j.LocalContainerEntityManagerFactoryBean - Initialized JPA EntityManagerFactory for persistence unit 'default'
2025-04-14 18:07:49 WARN  [main] o.s.b.w.s.c.AnnotationConfigServletWebServerApplicationContext - Exception encountered during context initialization - cancelling refresh attempt: org.springframework.beans.factory.UnsatisfiedDependencyException: Error creating bean with name 'logController' defined in file [C:\Users\User\IdeaProjects\recipes\target\classes\com\example\recipes\controller\LogController.class]: Unsatisfied dependency expressed through constructor parameter 0: Error creating bean with name 'logService' defined in file [C:\Users\User\IdeaProjects\recipes\target\classes\com\example\recipes\service\LogService.class]: Unexpected exception during bean creation
2025-04-14 18:07:49 INFO  [main] o.s.o.j.LocalContainerEntityManagerFactoryBean - Closing JPA EntityManagerFactory for persistence unit 'default'
2025-04-14 18:07:49 INFO  [main] com.zaxxer.hikari.HikariDataSource - HikariPool-1 - Shutdown initiated...
2025-04-14 18:07:49 INFO  [main] com.zaxxer.hikari.HikariDataSource - HikariPool-1 - Shutdown completed.
2025-04-14 18:07:49 INFO  [main] o.a.catalina.core.StandardService - Stopping service [Tomcat]
2025-04-14 18:07:49 INFO  [main] o.s.b.a.l.ConditionEvaluationReportLogger - 

Error starting ApplicationContext. To display the condition evaluation report re-run your application with 'debug' enabled.
2025-04-14 18:07:49 ERROR [main] o.s.boot.SpringApplication - Application run failed
org.springframework.beans.factory.UnsatisfiedDependencyException: Error creating bean with name 'logController' defined in file [C:\Users\User\IdeaProjects\recipes\target\classes\com\example\recipes\controller\LogController.class]: Unsatisfied dependency expressed through constructor parameter 0: Error creating bean with name 'logService' defined in file [C:\Users\User\IdeaProjects\recipes\target\classes\com\example\recipes\service\LogService.class]: Unexpected exception during bean creation
	at org.springframework.beans.factory.support.ConstructorResolver.createArgumentArray(ConstructorResolver.java:798)
	at org.springframework.beans.factory.support.ConstructorResolver.autowireConstructor(ConstructorResolver.java:245)
	at org.springframework.beans.factory.support.AbstractAutowireCapableBeanFactory.autowireConstructor(AbstractAutowireCapableBeanFactory.java:1352)
	at org.springframework.beans.factory.support.AbstractAutowireCapableBeanFactory.createBeanInstance(AbstractAutowireCapableBeanFactory.java:1189)
	at org.springframework.beans.factory.support.AbstractAutowireCapableBeanFactory.doCreateBean(AbstractAutowireCapableBeanFactory.java:560)
	at org.springframework.beans.factory.support.AbstractAutowireCapableBeanFactory.createBean(AbstractAutowireCapableBeanFactory.java:520)
	at org.springframework.beans.factory.support.AbstractBeanFactory.lambda$doGetBean$0(AbstractBeanFactory.java:326)
	at org.springframework.beans.factory.support.DefaultSingletonBeanRegistry.getSingleton(DefaultSingletonBeanRegistry.java:234)
	at org.springframework.beans.factory.support.AbstractBeanFactory.doGetBean(AbstractBeanFactory.java:324)
	at org.springframework.beans.factory.support.AbstractBeanFactory.getBean(AbstractBeanFactory.java:200)
	at org.springframework.beans.factory.support.DefaultListableBeanFactory.preInstantiateSingletons(DefaultListableBeanFactory.java:973)
	at org.springframework.context.support.AbstractApplicationContext.finishBeanFactoryInitialization(AbstractApplicationContext.java:917)
	at org.springframework.context.support.AbstractApplicationContext.refresh(AbstractApplicationContext.java:584)
	at org.springframework.boot.web.servlet.context.ServletWebServerApplicationContext.refresh(ServletWebServerApplicationContext.java:146)
	at org.springframework.boot.SpringApplication.refresh(SpringApplication.java:732)
	at org.springframework.boot.SpringApplication.refreshContext(SpringApplication.java:434)
	at org.springframework.boot.SpringApplication.run(SpringApplication.java:310)
	at org.springframework.boot.SpringApplication.run(SpringApplication.java:1304)
	at org.springframework.boot.SpringApplication.run(SpringApplication.java:1293)
	at com.example.recipes.RecipesApplication.main(RecipesApplication.java:11)
Caused by: org.springframework.beans.factory.BeanCreationException: Error creating bean with name 'logService' defined in file [C:\Users\User\IdeaProjects\recipes\target\classes\com\example\recipes\service\LogService.class]: Unexpected exception during bean creation
	at org.springframework.beans.factory.support.AbstractAutowireCapableBeanFactory.createBean(AbstractAutowireCapableBeanFactory.java:533)
	at org.springframework.beans.factory.support.AbstractBeanFactory.lambda$doGetBean$0(AbstractBeanFactory.java:326)
	at org.springframework.beans.factory.support.DefaultSingletonBeanRegistry.getSingleton(DefaultSingletonBeanRegistry.java:234)
	at org.springframework.beans.factory.support.AbstractBeanFactory.doGetBean(AbstractBeanFactory.java:324)
	at org.springframework.beans.factory.support.AbstractBeanFactory.getBean(AbstractBeanFactory.java:200)
	at org.springframework.beans.factory.config.DependencyDescriptor.resolveCandidate(DependencyDescriptor.java:254)
	at org.springframework.beans.factory.support.DefaultListableBeanFactory.doResolveDependency(DefaultListableBeanFactory.java:1417)
	at org.springframework.beans.factory.support.DefaultListableBeanFactory.resolveDependency(DefaultListableBeanFactory.java:1337)
	at org.springframework.beans.factory.support.ConstructorResolver.resolveAutowiredArgument(ConstructorResolver.java:885)
	at org.springframework.beans.factory.support.ConstructorResolver.createArgumentArray(ConstructorResolver.java:789)
	... 19 common frames omitted
Caused by: java.lang.IllegalArgumentException: Could not resolve placeholder 'log.directory' in value "${log.directory}"
	at org.springframework.util.PropertyPlaceholderHelper.parseStringValue(PropertyPlaceholderHelper.java:180)
	at org.springframework.util.PropertyPlaceholderHelper.replacePlaceholders(PropertyPlaceholderHelper.java:126)
	at org.springframework.core.env.AbstractPropertyResolver.doResolvePlaceholders(AbstractPropertyResolver.java:239)
	at org.springframework.core.env.AbstractPropertyResolver.resolveRequiredPlaceholders(AbstractPropertyResolver.java:210)
	at org.springframework.context.support.PropertySourcesPlaceholderConfigurer.lambda$processProperties$0(PropertySourcesPlaceholderConfigurer.java:191)
	at org.springframework.beans.factory.support.AbstractBeanFactory.resolveEmbeddedValue(AbstractBeanFactory.java:920)
	at org.springframework.beans.factory.support.DefaultListableBeanFactory.doResolveDependency(DefaultListableBeanFactory.java:1358)
	at org.springframework.beans.factory.support.DefaultListableBeanFactory.resolveDependency(DefaultListableBeanFactory.java:1337)
	at org.springframework.beans.factory.support.ConstructorResolver.resolveAutowiredArgument(ConstructorResolver.java:885)
	at org.springframework.beans.factory.support.ConstructorResolver.createArgumentArray(ConstructorResolver.java:789)
	at org.springframework.beans.factory.support.ConstructorResolver.autowireConstructor(ConstructorResolver.java:245)
	at org.springframework.beans.factory.support.AbstractAutowireCapableBeanFactory.autowireConstructor(AbstractAutowireCapableBeanFactory.java:1352)
	at org.springframework.beans.factory.support.AbstractAutowireCapableBeanFactory.createBeanInstance(AbstractAutowireCapableBeanFactory.java:1189)
	at org.springframework.beans.factory.support.AbstractAutowireCapableBeanFactory.doCreateBean(AbstractAutowireCapableBeanFactory.java:560)
	at org.springframework.beans.factory.support.AbstractAutowireCapableBeanFactory.createBean(AbstractAutowireCapableBeanFactory.java:520)
	... 28 common frames omitted
2025-04-14 18:10:31 INFO  [background-preinit] o.h.validator.internal.util.Version - HV000001: Hibernate Validator 8.0.0.Final
2025-04-14 18:10:31 INFO  [main] c.example.recipes.RecipesApplication - Starting RecipesApplication using Java 17.0.14 with PID 14528 (C:\Users\User\IdeaProjects\recipes\target\classes started by User in C:\Users\User\IdeaProjects\recipes)
2025-04-14 18:10:31 INFO  [main] c.example.recipes.RecipesApplication - No active profile set, falling back to 1 default profile: "default"
2025-04-14 18:10:32 INFO  [main] o.s.d.r.c.RepositoryConfigurationDelegate - Bootstrapping Spring Data JPA repositories in DEFAULT mode.
2025-04-14 18:10:32 INFO  [main] o.s.d.r.c.RepositoryConfigurationDelegate - Finished Spring Data repository scanning in 72 ms. Found 3 JPA repository interfaces.
2025-04-14 18:10:33 INFO  [main] o.s.b.w.e.tomcat.TomcatWebServer - Tomcat initialized with port(s): 8080 (http)
2025-04-14 18:10:33 INFO  [main] o.a.coyote.http11.Http11NioProtocol - Initializing ProtocolHandler ["http-nio-8080"]
2025-04-14 18:10:33 INFO  [main] o.a.catalina.core.StandardService - Starting service [Tomcat]
2025-04-14 18:10:33 INFO  [main] o.a.catalina.core.StandardEngine - Starting Servlet engine: [Apache Tomcat/10.1.7]
2025-04-14 18:10:33 INFO  [main] o.a.c.c.C.[Tomcat].[localhost].[/] - Initializing Spring embedded WebApplicationContext
2025-04-14 18:10:33 INFO  [main] o.s.b.w.s.c.ServletWebServerApplicationContext - Root WebApplicationContext: initialization completed in 2004 ms
2025-04-14 18:10:33 INFO  [main] o.h.jpa.internal.util.LogHelper - HHH000204: Processing PersistenceUnitInfo [name: default]
2025-04-14 18:10:33 INFO  [main] org.hibernate.Version - HHH000412: Hibernate ORM core version 6.1.7.Final
2025-04-14 18:10:33 INFO  [main] com.zaxxer.hikari.HikariDataSource - HikariPool-1 - Starting...
2025-04-14 18:10:33 INFO  [main] com.zaxxer.hikari.pool.HikariPool - HikariPool-1 - Added connection org.postgresql.jdbc.PgConnection@6dd20ec9
2025-04-14 18:10:33 INFO  [main] com.zaxxer.hikari.HikariDataSource - HikariPool-1 - Start completed.
2025-04-14 18:10:34 INFO  [main] SQL dialect - HHH000400: Using dialect: org.hibernate.dialect.PostgreSQLDialect
2025-04-14 18:10:35 INFO  [main] o.h.e.t.j.p.i.JtaPlatformInitiator - HHH000490: Using JtaPlatform implementation: [org.hibernate.engine.transaction.jta.platform.internal.NoJtaPlatform]
2025-04-14 18:10:35 INFO  [main] o.s.o.j.LocalContainerEntityManagerFactoryBean - Initialized JPA EntityManagerFactory for persistence unit 'default'
2025-04-14 18:10:37 INFO  [main] o.a.coyote.http11.Http11NioProtocol - Starting ProtocolHandler ["http-nio-8080"]
2025-04-14 18:10:37 INFO  [main] o.s.b.w.e.tomcat.TomcatWebServer - Tomcat started on port(s): 8080 (http) with context path ''
2025-04-14 18:10:37 INFO  [main] c.example.recipes.RecipesApplication - Started RecipesApplication in 7.224 seconds (process running for 8.259)
2025-04-14 18:11:37 INFO  [SpringApplicationShutdownHook] o.s.o.j.LocalContainerEntityManagerFactoryBean - Closing JPA EntityManagerFactory for persistence unit 'default'
2025-04-14 18:11:37 INFO  [SpringApplicationShutdownHook] com.zaxxer.hikari.HikariDataSource - HikariPool-1 - Shutdown initiated...
2025-04-14 18:11:37 INFO  [SpringApplicationShutdownHook] com.zaxxer.hikari.HikariDataSource - HikariPool-1 - Shutdown completed.
